<?xml version="1.0" encoding="UTF-8"?>
<!-- Generated by org.testng.reporters.JUnitXMLReporter -->
<testsuite hostname="QKNBK474" ignored="0" name="E2E API Test" tests="125" failures="0" timestamp="21 Jan 2020 11:32:27 GMT" time="112.947" errors="0">
  <testcase name="Proposal_Submission" time="7.678" classname="com.qaprosoft.carina.demo.ProposalSubmissionTest"/>
  <testcase name="Proposal_Submission" time="7.68" classname="com.qaprosoft.carina.demo.ProposalSubmissionTest"/>
  <testcase name="Proposal_Submission" time="7.67" classname="com.qaprosoft.carina.demo.ProposalSubmissionTest"/>
  <testcase name="Proposal_Submission" time="7.67" classname="com.qaprosoft.carina.demo.ProposalSubmissionTest"/>
  <testcase name="Proposal_Submission" time="7.762" classname="com.qaprosoft.carina.demo.ProposalSubmissionTest"/>
  <testcase name="Proposal_Submission" time="8.015" classname="com.qaprosoft.carina.demo.ProposalSubmissionTest"/>
  <testcase name="Proposal_Submission" time="8.15" classname="com.qaprosoft.carina.demo.ProposalSubmissionTest"/>
  <testcase name="Proposal_Submission" time="8.413" classname="com.qaprosoft.carina.demo.ProposalSubmissionTest"/>
  <testcase name="Proposal_Submission" time="8.498" classname="com.qaprosoft.carina.demo.ProposalSubmissionTest"/>
  <testcase name="Proposal_Submission" time="8.644" classname="com.qaprosoft.carina.demo.ProposalSubmissionTest"/>
  <testcase name="Proposal_Submission" time="8.683" classname="com.qaprosoft.carina.demo.ProposalSubmissionTest"/>
  <testcase name="Proposal_Submission" time="8.798" classname="com.qaprosoft.carina.demo.ProposalSubmissionTest"/>
  <testcase name="Proposal_Submission" time="8.82" classname="com.qaprosoft.carina.demo.ProposalSubmissionTest"/>
  <testcase name="Proposal_Submission" time="8.885" classname="com.qaprosoft.carina.demo.ProposalSubmissionTest"/>
  <testcase name="Proposal_Submission" time="9.121" classname="com.qaprosoft.carina.demo.ProposalSubmissionTest"/>
  <testcase name="Proposal_Submission" time="9.126" classname="com.qaprosoft.carina.demo.ProposalSubmissionTest"/>
  <testcase name="Proposal_Submission" time="10.978" classname="com.qaprosoft.carina.demo.ProposalSubmissionTest"/>
  <testcase name="Proposal_Submission" time="10.967" classname="com.qaprosoft.carina.demo.ProposalSubmissionTest"/>
  <testcase name="Proposal_Submission" time="12.068" classname="com.qaprosoft.carina.demo.ProposalSubmissionTest"/>
  <testcase name="Proposal_Submission" time="12.157" classname="com.qaprosoft.carina.demo.ProposalSubmissionTest"/>
  <testcase name="Proposal_Submission" time="12.155" classname="com.qaprosoft.carina.demo.ProposalSubmissionTest"/>
  <testcase name="Proposal_Submission" time="12.127" classname="com.qaprosoft.carina.demo.ProposalSubmissionTest"/>
  <testcase name="Proposal_Submission" time="12.919" classname="com.qaprosoft.carina.demo.ProposalSubmissionTest"/>
  <testcase name="Proposal_Submission" time="12.919" classname="com.qaprosoft.carina.demo.ProposalSubmissionTest"/>
  <testcase name="Proposal_Submission" time="13.025" classname="com.qaprosoft.carina.demo.ProposalSubmissionTest"/>
  <testcase name="Proposal_Submission" time="2.212" classname="com.qaprosoft.carina.demo.ProposalSubmissionTest"/>
  <testcase name="Proposal_Submission" time="9.908" classname="com.qaprosoft.carina.demo.ProposalSubmissionTest"/>
  <testcase name="Proposal_Submission" time="9.967" classname="com.qaprosoft.carina.demo.ProposalSubmissionTest"/>
  <testcase name="Proposal_Submission" time="10.098" classname="com.qaprosoft.carina.demo.ProposalSubmissionTest"/>
  <testcase name="Proposal_Submission" time="10.299" classname="com.qaprosoft.carina.demo.ProposalSubmissionTest"/>
  <testcase name="Proposal_Submission" time="10.318" classname="com.qaprosoft.carina.demo.ProposalSubmissionTest"/>
  <testcase name="Proposal_Submission" time="10.123" classname="com.qaprosoft.carina.demo.ProposalSubmissionTest"/>
  <testcase name="Proposal_Submission" time="8.804" classname="com.qaprosoft.carina.demo.ProposalSubmissionTest"/>
  <testcase name="Proposal_Submission" time="8.751" classname="com.qaprosoft.carina.demo.ProposalSubmissionTest"/>
  <testcase name="Proposal_Submission" time="9.765" classname="com.qaprosoft.carina.demo.ProposalSubmissionTest"/>
  <testcase name="Proposal_Submission" time="10.325" classname="com.qaprosoft.carina.demo.ProposalSubmissionTest"/>
  <testcase name="Proposal_Submission" time="9.096" classname="com.qaprosoft.carina.demo.ProposalSubmissionTest"/>
  <testcase name="Proposal_Submission" time="12.346" classname="com.qaprosoft.carina.demo.ProposalSubmissionTest"/>
  <testcase name="Proposal_Submission" time="13.858" classname="com.qaprosoft.carina.demo.ProposalSubmissionTest"/>
  <testcase name="Proposal_Submission" time="11.362" classname="com.qaprosoft.carina.demo.ProposalSubmissionTest"/>
  <testcase name="Proposal_Submission" time="15.514" classname="com.qaprosoft.carina.demo.ProposalSubmissionTest"/>
  <testcase name="Proposal_Submission" time="16.105" classname="com.qaprosoft.carina.demo.ProposalSubmissionTest"/>
  <testcase name="Proposal_Submission" time="16.109" classname="com.qaprosoft.carina.demo.ProposalSubmissionTest"/>
  <testcase name="Proposal_Submission" time="1.757" classname="com.qaprosoft.carina.demo.ProposalSubmissionTest"/>
  <testcase name="Proposal_Submission" time="7.232" classname="com.qaprosoft.carina.demo.ProposalSubmissionTest"/>
  <testcase name="Proposal_Submission" time="12.479" classname="com.qaprosoft.carina.demo.ProposalSubmissionTest"/>
  <testcase name="Proposal_Submission" time="8.369" classname="com.qaprosoft.carina.demo.ProposalSubmissionTest"/>
  <testcase name="Proposal_Submission" time="14.198" classname="com.qaprosoft.carina.demo.ProposalSubmissionTest"/>
  <testcase name="Proposal_Submission" time="14.21" classname="com.qaprosoft.carina.demo.ProposalSubmissionTest"/>
  <testcase name="Proposal_Submission" time="14.875" classname="com.qaprosoft.carina.demo.ProposalSubmissionTest"/>
  <testcase name="Proposal_Submission" time="15.578" classname="com.qaprosoft.carina.demo.ProposalSubmissionTest"/>
  <testcase name="Proposal_Submission" time="16.425" classname="com.qaprosoft.carina.demo.ProposalSubmissionTest"/>
  <testcase name="Proposal_Submission" time="15.528" classname="com.qaprosoft.carina.demo.ProposalSubmissionTest"/>
  <testcase name="Proposal_Submission" time="9.806" classname="com.qaprosoft.carina.demo.ProposalSubmissionTest"/>
  <testcase name="Proposal_Submission" time="9.138" classname="com.qaprosoft.carina.demo.ProposalSubmissionTest"/>
  <testcase name="Proposal_Submission" time="10.858" classname="com.qaprosoft.carina.demo.ProposalSubmissionTest"/>
  <testcase name="Proposal_Submission" time="8.373" classname="com.qaprosoft.carina.demo.ProposalSubmissionTest"/>
  <testcase name="Proposal_Submission" time="8.923" classname="com.qaprosoft.carina.demo.ProposalSubmissionTest"/>
  <testcase name="Proposal_Submission" time="12.722" classname="com.qaprosoft.carina.demo.ProposalSubmissionTest"/>
  <testcase name="Proposal_Submission" time="8.913" classname="com.qaprosoft.carina.demo.ProposalSubmissionTest"/>
  <testcase name="Proposal_Submission" time="23.95" classname="com.qaprosoft.carina.demo.ProposalSubmissionTest"/>
  <testcase name="Proposal_Submission" time="8.416" classname="com.qaprosoft.carina.demo.ProposalSubmissionTest"/>
  <testcase name="Proposal_Submission" time="9.768" classname="com.qaprosoft.carina.demo.ProposalSubmissionTest"/>
  <testcase name="Proposal_Submission" time="8.87" classname="com.qaprosoft.carina.demo.ProposalSubmissionTest"/>
  <testcase name="Proposal_Submission" time="8.875" classname="com.qaprosoft.carina.demo.ProposalSubmissionTest"/>
  <testcase name="Proposal_Submission" time="11.471" classname="com.qaprosoft.carina.demo.ProposalSubmissionTest"/>
  <testcase name="Proposal_Submission" time="8.868" classname="com.qaprosoft.carina.demo.ProposalSubmissionTest"/>
  <testcase name="Proposal_Submission" time="8.556" classname="com.qaprosoft.carina.demo.ProposalSubmissionTest"/>
  <testcase name="Proposal_Submission" time="13.776" classname="com.qaprosoft.carina.demo.ProposalSubmissionTest"/>
  <testcase name="Proposal_Submission" time="7.683" classname="com.qaprosoft.carina.demo.ProposalSubmissionTest"/>
  <testcase name="Proposal_Submission" time="9.173" classname="com.qaprosoft.carina.demo.ProposalSubmissionTest"/>
  <testcase name="Proposal_Submission" time="7.024" classname="com.qaprosoft.carina.demo.ProposalSubmissionTest"/>
  <testcase name="Proposal_Submission" time="7.358" classname="com.qaprosoft.carina.demo.ProposalSubmissionTest"/>
  <testcase name="Proposal_Submission" time="12.931" classname="com.qaprosoft.carina.demo.ProposalSubmissionTest"/>
  <testcase name="Proposal_Submission" time="6.616" classname="com.qaprosoft.carina.demo.ProposalSubmissionTest"/>
  <testcase name="Proposal_Submission" time="7.453" classname="com.qaprosoft.carina.demo.ProposalSubmissionTest"/>
  <testcase name="Proposal_Submission" time="9.216" classname="com.qaprosoft.carina.demo.ProposalSubmissionTest"/>
  <testcase name="Proposal_Submission" time="9.212" classname="com.qaprosoft.carina.demo.ProposalSubmissionTest"/>
  <testcase name="Proposal_Submission" time="8.942" classname="com.qaprosoft.carina.demo.ProposalSubmissionTest"/>
  <testcase name="Proposal_Submission" time="69.848" classname="com.qaprosoft.carina.demo.ProposalSubmissionTest"/>
  <testcase name="Proposal_Submission" time="66.907" classname="com.qaprosoft.carina.demo.ProposalSubmissionTest"/>
  <testcase name="Proposal_Submission" time="71.975" classname="com.qaprosoft.carina.demo.ProposalSubmissionTest"/>
  <testcase name="Proposal_Submission" time="66.511" classname="com.qaprosoft.carina.demo.ProposalSubmissionTest"/>
  <testcase name="Proposal_Submission" time="72.367" classname="com.qaprosoft.carina.demo.ProposalSubmissionTest"/>
  <testcase name="Proposal_Submission" time="72.156" classname="com.qaprosoft.carina.demo.ProposalSubmissionTest"/>
  <testcase name="Proposal_Submission" time="72.96" classname="com.qaprosoft.carina.demo.ProposalSubmissionTest"/>
  <testcase name="Proposal_Submission" time="66.149" classname="com.qaprosoft.carina.demo.ProposalSubmissionTest"/>
  <testcase name="Proposal_Submission" time="73.345" classname="com.qaprosoft.carina.demo.ProposalSubmissionTest"/>
  <testcase name="Proposal_Submission" time="73.507" classname="com.qaprosoft.carina.demo.ProposalSubmissionTest"/>
  <testcase name="Proposal_Submission" time="67.082" classname="com.qaprosoft.carina.demo.ProposalSubmissionTest"/>
  <testcase name="Proposal_Submission" time="67.733" classname="com.qaprosoft.carina.demo.ProposalSubmissionTest"/>
  <testcase name="Proposal_Submission" time="68.421" classname="com.qaprosoft.carina.demo.ProposalSubmissionTest"/>
  <testcase name="Proposal_Submission" time="65.498" classname="com.qaprosoft.carina.demo.ProposalSubmissionTest"/>
  <testcase name="Proposal_Submission" time="70.115" classname="com.qaprosoft.carina.demo.ProposalSubmissionTest"/>
  <testcase name="Proposal_Submission" time="70.945" classname="com.qaprosoft.carina.demo.ProposalSubmissionTest"/>
  <testcase name="Proposal_Submission" time="65.355" classname="com.qaprosoft.carina.demo.ProposalSubmissionTest"/>
  <testcase name="Proposal_Submission" time="65.926" classname="com.qaprosoft.carina.demo.ProposalSubmissionTest"/>
  <testcase name="Proposal_Submission" time="66.667" classname="com.qaprosoft.carina.demo.ProposalSubmissionTest"/>
  <testcase name="Proposal_Submission" time="62.508" classname="com.qaprosoft.carina.demo.ProposalSubmissionTest"/>
  <testcase name="Proposal_Submission" time="69.861" classname="com.qaprosoft.carina.demo.ProposalSubmissionTest"/>
  <testcase name="Proposal_Submission" time="4.661" classname="com.qaprosoft.carina.demo.ProposalSubmissionTest"/>
  <testcase name="Proposal_Submission" time="5.113" classname="com.qaprosoft.carina.demo.ProposalSubmissionTest"/>
  <testcase name="Proposal_Submission" time="5.067" classname="com.qaprosoft.carina.demo.ProposalSubmissionTest"/>
  <testcase name="Proposal_Submission" time="5.011" classname="com.qaprosoft.carina.demo.ProposalSubmissionTest"/>
  <testcase name="Proposal_Submission" time="5.285" classname="com.qaprosoft.carina.demo.ProposalSubmissionTest"/>
  <testcase name="Proposal_Submission" time="6.425" classname="com.qaprosoft.carina.demo.ProposalSubmissionTest"/>
  <testcase name="Proposal_Submission" time="5.51" classname="com.qaprosoft.carina.demo.ProposalSubmissionTest"/>
  <testcase name="Proposal_Submission" time="63.033" classname="com.qaprosoft.carina.demo.ProposalSubmissionTest"/>
  <testcase name="Proposal_Submission" time="65.359" classname="com.qaprosoft.carina.demo.ProposalSubmissionTest"/>
  <testcase name="Proposal_Submission" time="67.569" classname="com.qaprosoft.carina.demo.ProposalSubmissionTest"/>
  <testcase name="Proposal_Submission" time="68.235" classname="com.qaprosoft.carina.demo.ProposalSubmissionTest"/>
  <testcase name="Proposal_Submission" time="6.76" classname="com.qaprosoft.carina.demo.ProposalSubmissionTest"/>
  <testcase name="Proposal_Submission" time="6.205" classname="com.qaprosoft.carina.demo.ProposalSubmissionTest"/>
  <testcase name="Proposal_Submission" time="7.064" classname="com.qaprosoft.carina.demo.ProposalSubmissionTest"/>
  <testcase name="Proposal_Submission" time="6.019" classname="com.qaprosoft.carina.demo.ProposalSubmissionTest"/>
  <testcase name="Proposal_Submission" time="3.629" classname="com.qaprosoft.carina.demo.ProposalSubmissionTest"/>
  <testcase name="Proposal_Submission" time="9.124" classname="com.qaprosoft.carina.demo.ProposalSubmissionTest"/>
  <testcase name="Proposal_Submission" time="1.461" classname="com.qaprosoft.carina.demo.ProposalSubmissionTest"/>
  <testcase name="Proposal_Submission" time="7.426" classname="com.qaprosoft.carina.demo.ProposalSubmissionTest"/>
  <testcase name="Proposal_Submission" time="3.962" classname="com.qaprosoft.carina.demo.ProposalSubmissionTest"/>
  <testcase name="Proposal_Submission" time="4.733" classname="com.qaprosoft.carina.demo.ProposalSubmissionTest"/>
  <testcase name="Proposal_Submission" time="10.339" classname="com.qaprosoft.carina.demo.ProposalSubmissionTest"/>
  <testcase name="Proposal_Submission" time="4.261" classname="com.qaprosoft.carina.demo.ProposalSubmissionTest"/>
  <testcase name="Proposal_Submission" time="1.235" classname="com.qaprosoft.carina.demo.ProposalSubmissionTest"/>
  <testcase name="Proposal_Submission" time="0.673" classname="com.qaprosoft.carina.demo.ProposalSubmissionTest"/>
</testsuite> <!-- E2E API Test -->
