<?xml version="1.0" encoding="UTF-8"?>
<!-- Generated by org.testng.reporters.JUnitXMLReporter -->
<testsuite hostname="QKNBK474" ignored="0" name="E2E API Test" tests="125" failures="0" timestamp="21 Jan 2020 11:42:30 GMT" time="120.428" errors="0">
  <testcase name="Proposal_Submission" time="5.271" classname="com.qaprosoft.carina.demo.ProposalSubmissionTest"/>
  <testcase name="Proposal_Submission" time="5.263" classname="com.qaprosoft.carina.demo.ProposalSubmissionTest"/>
  <testcase name="Proposal_Submission" time="5.26" classname="com.qaprosoft.carina.demo.ProposalSubmissionTest"/>
  <testcase name="Proposal_Submission" time="5.266" classname="com.qaprosoft.carina.demo.ProposalSubmissionTest"/>
  <testcase name="Proposal_Submission" time="5.26" classname="com.qaprosoft.carina.demo.ProposalSubmissionTest"/>
  <testcase name="Proposal_Submission" time="5.385" classname="com.qaprosoft.carina.demo.ProposalSubmissionTest"/>
  <testcase name="Proposal_Submission" time="5.538" classname="com.qaprosoft.carina.demo.ProposalSubmissionTest"/>
  <testcase name="Proposal_Submission" time="5.648" classname="com.qaprosoft.carina.demo.ProposalSubmissionTest"/>
  <testcase name="Proposal_Submission" time="5.649" classname="com.qaprosoft.carina.demo.ProposalSubmissionTest"/>
  <testcase name="Proposal_Submission" time="5.771" classname="com.qaprosoft.carina.demo.ProposalSubmissionTest"/>
  <testcase name="Proposal_Submission" time="5.88" classname="com.qaprosoft.carina.demo.ProposalSubmissionTest"/>
  <testcase name="Proposal_Submission" time="5.958" classname="com.qaprosoft.carina.demo.ProposalSubmissionTest"/>
  <testcase name="Proposal_Submission" time="6.302" classname="com.qaprosoft.carina.demo.ProposalSubmissionTest"/>
  <testcase name="Proposal_Submission" time="6.771" classname="com.qaprosoft.carina.demo.ProposalSubmissionTest"/>
  <testcase name="Proposal_Submission" time="6.95" classname="com.qaprosoft.carina.demo.ProposalSubmissionTest"/>
  <testcase name="Proposal_Submission" time="8.043" classname="com.qaprosoft.carina.demo.ProposalSubmissionTest"/>
  <testcase name="Proposal_Submission" time="9.07" classname="com.qaprosoft.carina.demo.ProposalSubmissionTest"/>
  <testcase name="Proposal_Submission" time="9.232" classname="com.qaprosoft.carina.demo.ProposalSubmissionTest"/>
  <testcase name="Proposal_Submission" time="9.262" classname="com.qaprosoft.carina.demo.ProposalSubmissionTest"/>
  <testcase name="Proposal_Submission" time="9.279" classname="com.qaprosoft.carina.demo.ProposalSubmissionTest"/>
  <testcase name="Proposal_Submission" time="10.468" classname="com.qaprosoft.carina.demo.ProposalSubmissionTest"/>
  <testcase name="Proposal_Submission" time="10.515" classname="com.qaprosoft.carina.demo.ProposalSubmissionTest"/>
  <testcase name="Proposal_Submission" time="15.756" classname="com.qaprosoft.carina.demo.ProposalSubmissionTest"/>
  <testcase name="Proposal_Submission" time="19.004" classname="com.qaprosoft.carina.demo.ProposalSubmissionTest"/>
  <testcase name="Proposal_Submission" time="14.94" classname="com.qaprosoft.carina.demo.ProposalSubmissionTest"/>
  <testcase name="Proposal_Submission" time="15.161" classname="com.qaprosoft.carina.demo.ProposalSubmissionTest"/>
  <testcase name="Proposal_Submission" time="15.289" classname="com.qaprosoft.carina.demo.ProposalSubmissionTest"/>
  <testcase name="Proposal_Submission" time="16.357" classname="com.qaprosoft.carina.demo.ProposalSubmissionTest"/>
  <testcase name="Proposal_Submission" time="16.545" classname="com.qaprosoft.carina.demo.ProposalSubmissionTest"/>
  <testcase name="Proposal_Submission" time="16.771" classname="com.qaprosoft.carina.demo.ProposalSubmissionTest"/>
  <testcase name="Proposal_Submission" time="16.918" classname="com.qaprosoft.carina.demo.ProposalSubmissionTest"/>
  <testcase name="Proposal_Submission" time="23.153" classname="com.qaprosoft.carina.demo.ProposalSubmissionTest"/>
  <testcase name="Proposal_Submission" time="16.647" classname="com.qaprosoft.carina.demo.ProposalSubmissionTest"/>
  <testcase name="Proposal_Submission" time="17.215" classname="com.qaprosoft.carina.demo.ProposalSubmissionTest"/>
  <testcase name="Proposal_Submission" time="17.853" classname="com.qaprosoft.carina.demo.ProposalSubmissionTest"/>
  <testcase name="Proposal_Submission" time="19.426" classname="com.qaprosoft.carina.demo.ProposalSubmissionTest"/>
  <testcase name="Proposal_Submission" time="19.604" classname="com.qaprosoft.carina.demo.ProposalSubmissionTest"/>
  <testcase name="Proposal_Submission" time="19.713" classname="com.qaprosoft.carina.demo.ProposalSubmissionTest"/>
  <testcase name="Proposal_Submission" time="17.095" classname="com.qaprosoft.carina.demo.ProposalSubmissionTest"/>
  <testcase name="Proposal_Submission" time="17.438" classname="com.qaprosoft.carina.demo.ProposalSubmissionTest"/>
  <testcase name="Proposal_Submission" time="11.632" classname="com.qaprosoft.carina.demo.ProposalSubmissionTest"/>
  <testcase name="Proposal_Submission" time="12.904" classname="com.qaprosoft.carina.demo.ProposalSubmissionTest"/>
  <testcase name="Proposal_Submission" time="12.055" classname="com.qaprosoft.carina.demo.ProposalSubmissionTest"/>
  <testcase name="Proposal_Submission" time="13.282" classname="com.qaprosoft.carina.demo.ProposalSubmissionTest"/>
  <testcase name="Proposal_Submission" time="13.817" classname="com.qaprosoft.carina.demo.ProposalSubmissionTest"/>
  <testcase name="Proposal_Submission" time="6.008" classname="com.qaprosoft.carina.demo.ProposalSubmissionTest"/>
  <testcase name="Proposal_Submission" time="7.718" classname="com.qaprosoft.carina.demo.ProposalSubmissionTest"/>
  <testcase name="Proposal_Submission" time="24.003" classname="com.qaprosoft.carina.demo.ProposalSubmissionTest"/>
  <testcase name="Proposal_Submission" time="8.668" classname="com.qaprosoft.carina.demo.ProposalSubmissionTest"/>
  <testcase name="Proposal_Submission" time="9.431" classname="com.qaprosoft.carina.demo.ProposalSubmissionTest"/>
  <testcase name="Proposal_Submission" time="24.26" classname="com.qaprosoft.carina.demo.ProposalSubmissionTest"/>
  <testcase name="Proposal_Submission" time="10.873" classname="com.qaprosoft.carina.demo.ProposalSubmissionTest"/>
  <testcase name="Proposal_Submission" time="11.738" classname="com.qaprosoft.carina.demo.ProposalSubmissionTest"/>
  <testcase name="Proposal_Submission" time="13.033" classname="com.qaprosoft.carina.demo.ProposalSubmissionTest"/>
  <testcase name="Proposal_Submission" time="9.082" classname="com.qaprosoft.carina.demo.ProposalSubmissionTest"/>
  <testcase name="Proposal_Submission" time="13.906" classname="com.qaprosoft.carina.demo.ProposalSubmissionTest"/>
  <testcase name="Proposal_Submission" time="14.023" classname="com.qaprosoft.carina.demo.ProposalSubmissionTest"/>
  <testcase name="Proposal_Submission" time="7.691" classname="com.qaprosoft.carina.demo.ProposalSubmissionTest"/>
  <testcase name="Proposal_Submission" time="7.833" classname="com.qaprosoft.carina.demo.ProposalSubmissionTest"/>
  <testcase name="Proposal_Submission" time="11.901" classname="com.qaprosoft.carina.demo.ProposalSubmissionTest"/>
  <testcase name="Proposal_Submission" time="5.75" classname="com.qaprosoft.carina.demo.ProposalSubmissionTest"/>
  <testcase name="Proposal_Submission" time="13.768" classname="com.qaprosoft.carina.demo.ProposalSubmissionTest"/>
  <testcase name="Proposal_Submission" time="14.749" classname="com.qaprosoft.carina.demo.ProposalSubmissionTest"/>
  <testcase name="Proposal_Submission" time="12.045" classname="com.qaprosoft.carina.demo.ProposalSubmissionTest"/>
  <testcase name="Proposal_Submission" time="18.412" classname="com.qaprosoft.carina.demo.ProposalSubmissionTest"/>
  <testcase name="Proposal_Submission" time="18.932" classname="com.qaprosoft.carina.demo.ProposalSubmissionTest"/>
  <testcase name="Proposal_Submission" time="11.883" classname="com.qaprosoft.carina.demo.ProposalSubmissionTest"/>
  <testcase name="Proposal_Submission" time="9.991" classname="com.qaprosoft.carina.demo.ProposalSubmissionTest"/>
  <testcase name="Proposal_Submission" time="12.103" classname="com.qaprosoft.carina.demo.ProposalSubmissionTest"/>
  <testcase name="Proposal_Submission" time="11.976" classname="com.qaprosoft.carina.demo.ProposalSubmissionTest"/>
  <testcase name="Proposal_Submission" time="11.856" classname="com.qaprosoft.carina.demo.ProposalSubmissionTest"/>
  <testcase name="Proposal_Submission" time="16.502" classname="com.qaprosoft.carina.demo.ProposalSubmissionTest"/>
  <testcase name="Proposal_Submission" time="12.092" classname="com.qaprosoft.carina.demo.ProposalSubmissionTest"/>
  <testcase name="Proposal_Submission" time="16.766" classname="com.qaprosoft.carina.demo.ProposalSubmissionTest"/>
  <testcase name="Proposal_Submission" time="12.191" classname="com.qaprosoft.carina.demo.ProposalSubmissionTest"/>
  <testcase name="Proposal_Submission" time="18.868" classname="com.qaprosoft.carina.demo.ProposalSubmissionTest"/>
  <testcase name="Proposal_Submission" time="19.273" classname="com.qaprosoft.carina.demo.ProposalSubmissionTest"/>
  <testcase name="Proposal_Submission" time="8.776" classname="com.qaprosoft.carina.demo.ProposalSubmissionTest"/>
  <testcase name="Proposal_Submission" time="7.841" classname="com.qaprosoft.carina.demo.ProposalSubmissionTest"/>
  <testcase name="Proposal_Submission" time="7.89" classname="com.qaprosoft.carina.demo.ProposalSubmissionTest"/>
  <testcase name="Proposal_Submission" time="1.774" classname="com.qaprosoft.carina.demo.ProposalSubmissionTest"/>
  <testcase name="Proposal_Submission" time="16.883" classname="com.qaprosoft.carina.demo.ProposalSubmissionTest"/>
  <testcase name="Proposal_Submission" time="18.153" classname="com.qaprosoft.carina.demo.ProposalSubmissionTest"/>
  <testcase name="Proposal_Submission" time="18.244" classname="com.qaprosoft.carina.demo.ProposalSubmissionTest"/>
  <testcase name="Proposal_Submission" time="9.433" classname="com.qaprosoft.carina.demo.ProposalSubmissionTest"/>
  <testcase name="Proposal_Submission" time="28.681" classname="com.qaprosoft.carina.demo.ProposalSubmissionTest"/>
  <testcase name="Proposal_Submission" time="9.464" classname="com.qaprosoft.carina.demo.ProposalSubmissionTest"/>
  <testcase name="Proposal_Submission" time="9.786" classname="com.qaprosoft.carina.demo.ProposalSubmissionTest"/>
  <testcase name="Proposal_Submission" time="7.146" classname="com.qaprosoft.carina.demo.ProposalSubmissionTest"/>
  <testcase name="Proposal_Submission" time="10.596" classname="com.qaprosoft.carina.demo.ProposalSubmissionTest"/>
  <testcase name="Proposal_Submission" time="10.901" classname="com.qaprosoft.carina.demo.ProposalSubmissionTest"/>
  <testcase name="Proposal_Submission" time="11.103" classname="com.qaprosoft.carina.demo.ProposalSubmissionTest"/>
  <testcase name="Proposal_Submission" time="12.157" classname="com.qaprosoft.carina.demo.ProposalSubmissionTest"/>
  <testcase name="Proposal_Submission" time="6.152" classname="com.qaprosoft.carina.demo.ProposalSubmissionTest"/>
  <testcase name="Proposal_Submission" time="5.688" classname="com.qaprosoft.carina.demo.ProposalSubmissionTest"/>
  <testcase name="Proposal_Submission" time="6.505" classname="com.qaprosoft.carina.demo.ProposalSubmissionTest"/>
  <testcase name="Proposal_Submission" time="5.554" classname="com.qaprosoft.carina.demo.ProposalSubmissionTest"/>
  <testcase name="Proposal_Submission" time="7.108" classname="com.qaprosoft.carina.demo.ProposalSubmissionTest"/>
  <testcase name="Proposal_Submission" time="7.444" classname="com.qaprosoft.carina.demo.ProposalSubmissionTest"/>
  <testcase name="Proposal_Submission" time="9.466" classname="com.qaprosoft.carina.demo.ProposalSubmissionTest"/>
  <testcase name="Proposal_Submission" time="10.863" classname="com.qaprosoft.carina.demo.ProposalSubmissionTest"/>
  <testcase name="Proposal_Submission" time="4.361" classname="com.qaprosoft.carina.demo.ProposalSubmissionTest"/>
  <testcase name="Proposal_Submission" time="3.638" classname="com.qaprosoft.carina.demo.ProposalSubmissionTest"/>
  <testcase name="Proposal_Submission" time="7.672" classname="com.qaprosoft.carina.demo.ProposalSubmissionTest"/>
  <testcase name="Proposal_Submission" time="4.224" classname="com.qaprosoft.carina.demo.ProposalSubmissionTest"/>
  <testcase name="Proposal_Submission" time="4.225" classname="com.qaprosoft.carina.demo.ProposalSubmissionTest"/>
  <testcase name="Proposal_Submission" time="8.192" classname="com.qaprosoft.carina.demo.ProposalSubmissionTest"/>
  <testcase name="Proposal_Submission" time="8.419" classname="com.qaprosoft.carina.demo.ProposalSubmissionTest"/>
  <testcase name="Proposal_Submission" time="3.73" classname="com.qaprosoft.carina.demo.ProposalSubmissionTest"/>
  <testcase name="Proposal_Submission" time="3.987" classname="com.qaprosoft.carina.demo.ProposalSubmissionTest"/>
  <testcase name="Proposal_Submission" time="4.346" classname="com.qaprosoft.carina.demo.ProposalSubmissionTest"/>
  <testcase name="Proposal_Submission" time="3.179" classname="com.qaprosoft.carina.demo.ProposalSubmissionTest"/>
  <testcase name="Proposal_Submission" time="5.065" classname="com.qaprosoft.carina.demo.ProposalSubmissionTest"/>
  <testcase name="Proposal_Submission" time="3.563" classname="com.qaprosoft.carina.demo.ProposalSubmissionTest"/>
  <testcase name="Proposal_Submission" time="2.312" classname="com.qaprosoft.carina.demo.ProposalSubmissionTest"/>
  <testcase name="Proposal_Submission" time="5.961" classname="com.qaprosoft.carina.demo.ProposalSubmissionTest"/>
  <testcase name="Proposal_Submission" time="66.196" classname="com.qaprosoft.carina.demo.ProposalSubmissionTest"/>
  <testcase name="Proposal_Submission" time="66.624" classname="com.qaprosoft.carina.demo.ProposalSubmissionTest"/>
  <testcase name="Proposal_Submission" time="63.654" classname="com.qaprosoft.carina.demo.ProposalSubmissionTest"/>
  <testcase name="Proposal_Submission" time="64.063" classname="com.qaprosoft.carina.demo.ProposalSubmissionTest"/>
  <testcase name="Proposal_Submission" time="71.004" classname="com.qaprosoft.carina.demo.ProposalSubmissionTest"/>
  <testcase name="Proposal_Submission" time="61.976" classname="com.qaprosoft.carina.demo.ProposalSubmissionTest"/>
  <testcase name="Proposal_Submission" time="64.003" classname="com.qaprosoft.carina.demo.ProposalSubmissionTest"/>
  <testcase name="Proposal_Submission" time="62.485" classname="com.qaprosoft.carina.demo.ProposalSubmissionTest"/>
  <testcase name="Proposal_Submission" time="60.476" classname="com.qaprosoft.carina.demo.ProposalSubmissionTest"/>
</testsuite> <!-- E2E API Test -->
