<?xml version="1.0" encoding="UTF-8" standalone="no"?>
<testsuite failures="0" name="cucumber.runtime.formatter.JUnitFormatter" skipped="0" tests="1" time="4.727341">
<testcase classname="Create User Details" name="Verify user creation" time="4.727341">
<system-out><![CDATA[Given Post endpoint given...................................................passed
When Enter Username and Job.................................................passed
Then Post the api...........................................................passed
And Get response............................................................passed
]]></system-out>
</testcase>
</testsuite>
