<?xml version="1.0" encoding="UTF-8" standalone="no"?>
<testsuite failures="1" name="cucumber.runtime.formatter.JUnitFormatter" skipped="0" tests="1" time="64.78948">
<testcase classname="Qtrac login functionality" name="Verification of login functionality" time="64.78948">
<failure message="org.openqa.selenium.WebDriverException: An unknown server-side error occurred while processing the command. Original error: Could not proxy. Proxy error: Could not proxy command to remote server. Original error: 404 - &quot;&quot; (WARNING: The server did not provide any stacktrace information)&#10;Command duration or timeout: 0 milliseconds&#10;Build info: version: '3.141.59', revision: 'e82be7d358', time: '2018-11-14T08:17:03'&#10;System info: host: 'QKNBK474', ip: '172.20.191.241', os.name: 'Windows 10', os.arch: 'amd64', os.version: '10.0', java.version: '1.8.0_131'&#10;Driver info: io.appium.java_client.android.AndroidDriver&#10;Capabilities {app: /home/radmin/build/raid-dat..., appActivity: com.qk.q_trac.MainActivity, appPackage: com.qk.q_trac, autoGrantPermissions: true, automationName: uiautomator2, databaseEnabled: false, desired: {app: /home/radmin/build/raid-dat..., appActivity: com.qk.q_trac.MainActivity, appPackage: com.qk.q_trac, autoGrantPermissions: true, automationName: uiautomator2, deviceName: 48, deviceType: phone, noSign: true, pCloudy_ApiKey: jfx5ppmbyng7x8mv2z9hvzqz, pCloudy_ApplicationName: Qtrac.apk, pCloudy_DeviceFullName: Samsung_GalaxyJ4Plus_Androi..., pCloudy_DurationInMinutes: 60, pCloudy_Username: nikita.shinde@qualitykiosk.com, platformName: ANDROID, udid: 879ee013}, deviceApiLevel: 27, deviceManufacturer: samsung, deviceModel: SM-J415F, deviceName: 879ee013, deviceScreenDensity: 280, deviceScreenSize: 720x1480, deviceType: phone, deviceUDID: 879ee013, javascriptEnabled: true, locationContextEnabled: false, networkConnectionEnabled: true, noSign: true, pCloudy_ApiKey: jfx5ppmbyng7x8mv2z9hvzqz, pCloudy_ApplicationName: Qtrac.apk, pCloudy_DeviceFullName: Samsung_GalaxyJ4Plus_Androi..., pCloudy_DurationInMinutes: 60, pCloudy_Username: nikita.shinde@qualitykiosk.com, pixelRatio: 1.75, platform: LINUX, platformName: ANDROID, platformVersion: 8.1.0, statBarHeight: 42, takesScreenshot: true, udid: 879ee013, viewportRect: {height: 1354, left: 0, top: 42, width: 720}, warnings: {}, webStorageEnabled: false}&#10;Session ID: 91e16b39-9c84-4ad3-8b2a-e8294df71f61&#13;&#10;&#9;at sun.reflect.NativeConstructorAccessorImpl.newInstance0(Native Method)&#13;&#10;&#9;at sun.reflect.NativeConstructorAccessorImpl.newInstance(Unknown Source)&#13;&#10;&#9;at sun.reflect.DelegatingConstructorAccessorImpl.newInstance(Unknown Source)&#13;&#10;&#9;at java.lang.reflect.Constructor.newInstance(Unknown Source)&#13;&#10;&#9;at org.openqa.selenium.remote.ErrorHandler.createThrowable(ErrorHandler.java:214)&#13;&#10;&#9;at org.openqa.selenium.remote.ErrorHandler.throwIfResponseFailed(ErrorHandler.java:166)&#13;&#10;&#9;at org.openqa.selenium.remote.http.JsonHttpResponseCodec.reconstructValue(JsonHttpResponseCodec.java:40)&#13;&#10;&#9;at org.openqa.selenium.remote.http.AbstractHttpResponseCodec.decode(AbstractHttpResponseCodec.java:80)&#13;&#10;&#9;at org.openqa.selenium.remote.http.AbstractHttpResponseCodec.decode(AbstractHttpResponseCodec.java:44)&#13;&#10;&#9;at org.openqa.selenium.remote.HttpCommandExecutor.execute(HttpCommandExecutor.java:158)&#13;&#10;&#9;at com.qaprosoft.carina.core.foundation.webdriver.listener.EventFiringAppiumCommandExecutor.execute(EventFiringAppiumCommandExecutor.java:150)&#13;&#10;&#9;at org.openqa.selenium.remote.RemoteWebDriver.execute(RemoteWebDriver.java:552)&#13;&#10;&#9;at io.appium.java_client.DefaultGenericMobileDriver.execute(DefaultGenericMobileDriver.java:45)&#13;&#10;&#9;at io.appium.java_client.AppiumDriver.execute(AppiumDriver.java:1)&#13;&#10;&#9;at io.appium.java_client.android.AndroidDriver.execute(AndroidDriver.java:1)&#13;&#10;&#9;at org.openqa.selenium.remote.RemoteWebDriver.getTitle(RemoteWebDriver.java:281)&#13;&#10;&#9;at sun.reflect.NativeMethodAccessorImpl.invoke0(Native Method)&#13;&#10;&#9;at sun.reflect.NativeMethodAccessorImpl.invoke(Unknown Source)&#13;&#10;&#9;at sun.reflect.DelegatingMethodAccessorImpl.invoke(Unknown Source)&#13;&#10;&#9;at java.lang.reflect.Method.invoke(Unknown Source)&#13;&#10;&#9;at org.openqa.selenium.support.events.EventFiringWebDriver.lambda$new$1(EventFiringWebDriver.java:105)&#13;&#10;&#9;at io.appium.java_client.android.$Proxy37.getTitle(Unknown Source)&#13;&#10;&#9;at com.qaprosoft.carina.demo.utils.PerfEventHandler.afterClickOn(PerfEventHandler.java:39)&#13;&#10;&#9;at sun.reflect.NativeMethodAccessorImpl.invoke0(Native Method)&#13;&#10;&#9;at sun.reflect.NativeMethodAccessorImpl.invoke(Unknown Source)&#13;&#10;&#9;at sun.reflect.DelegatingMethodAccessorImpl.invoke(Unknown Source)&#13;&#10;&#9;at java.lang.reflect.Method.invoke(Unknown Source)&#13;&#10;&#9;at org.openqa.selenium.support.events.EventFiringWebDriver.lambda$new$0(EventFiringWebDriver.java:84)&#13;&#10;&#9;at com.sun.proxy.$Proxy36.afterClickOn(Unknown Source)&#13;&#10;&#9;at org.openqa.selenium.support.events.EventFiringWebDriver$EventFiringWebElement.click(EventFiringWebDriver.java:418)&#13;&#10;&#9;at com.qaprosoft.carina.core.foundation.webdriver.decorator.ExtendedWebElement$1.doTap(ExtendedWebElement.java:1442)&#13;&#10;&#9;at com.qaprosoft.carina.core.foundation.webdriver.decorator.ExtendedWebElement.executeAction(ExtendedWebElement.java:1266)&#13;&#10;&#9;at com.qaprosoft.carina.core.foundation.webdriver.decorator.ExtendedWebElement.overrideAction(ExtendedWebElement.java:1408)&#13;&#10;&#9;at com.qaprosoft.carina.core.foundation.webdriver.decorator.ExtendedWebElement.doAction(ExtendedWebElement.java:1393)&#13;&#10;&#9;at com.qaprosoft.carina.core.foundation.webdriver.decorator.ExtendedWebElement.doAction(ExtendedWebElement.java:1345)&#13;&#10;&#9;at com.qaprosoft.carina.core.foundation.webdriver.decorator.ExtendedWebElement.click(ExtendedWebElement.java:493)&#13;&#10;&#9;at com.qaprosoft.carina.core.foundation.webdriver.decorator.ExtendedWebElement.click(ExtendedWebElement.java:481)&#13;&#10;&#9;at com.qaprosoft.carina.core.foundation.webdriver.decorator.ExtendedWebElement.click(ExtendedWebElement.java:472)&#13;&#10;&#9;at com.qaprosoft.carina.core.foundation.webdriver.decorator.ExtendedWebElement.clickIfPresent(ExtendedWebElement.java:594)&#13;&#10;&#9;at com.qaprosoft.carina.core.foundation.webdriver.decorator.ExtendedWebElement.clickIfPresent(ExtendedWebElement.java:582)&#13;&#10;&#9;at com.qaprosoft.carina.demo.mobile.gui.pages.android.QtracLoginPage.clickonSignin(QtracLoginPage.java:38)&#13;&#10;&#9;at com.qaprosoft.carina.demo.cucumber.steps.QtracStepdef.enterdetails(QtracStepdef.java:34)&#13;&#10;&#9;at ✽.When Enter Username and Password(src/test/resources/features/Qtrac.feature:8)&#13;&#10;"><![CDATA[Given Open the browser and launch the application...........................passed
When Enter Username and Password............................................failed
Then click on login.........................................................skipped
Then click on speedometer dashboard.........................................skipped
And click on Pagebucket dashboard...........................................skipped

StackTrace:
org.openqa.selenium.WebDriverException: An unknown server-side error occurred while processing the command. Original error: Could not proxy. Proxy error: Could not proxy command to remote server. Original error: 404 - "" (WARNING: The server did not provide any stacktrace information)
Command duration or timeout: 0 milliseconds
Build info: version: '3.141.59', revision: 'e82be7d358', time: '2018-11-14T08:17:03'
System info: host: 'QKNBK474', ip: '172.20.191.241', os.name: 'Windows 10', os.arch: 'amd64', os.version: '10.0', java.version: '1.8.0_131'
Driver info: io.appium.java_client.android.AndroidDriver
Capabilities {app: /home/radmin/build/raid-dat..., appActivity: com.qk.q_trac.MainActivity, appPackage: com.qk.q_trac, autoGrantPermissions: true, automationName: uiautomator2, databaseEnabled: false, desired: {app: /home/radmin/build/raid-dat..., appActivity: com.qk.q_trac.MainActivity, appPackage: com.qk.q_trac, autoGrantPermissions: true, automationName: uiautomator2, deviceName: 48, deviceType: phone, noSign: true, pCloudy_ApiKey: jfx5ppmbyng7x8mv2z9hvzqz, pCloudy_ApplicationName: Qtrac.apk, pCloudy_DeviceFullName: Samsung_GalaxyJ4Plus_Androi..., pCloudy_DurationInMinutes: 60, pCloudy_Username: nikita.shinde@qualitykiosk.com, platformName: ANDROID, udid: 879ee013}, deviceApiLevel: 27, deviceManufacturer: samsung, deviceModel: SM-J415F, deviceName: 879ee013, deviceScreenDensity: 280, deviceScreenSize: 720x1480, deviceType: phone, deviceUDID: 879ee013, javascriptEnabled: true, locationContextEnabled: false, networkConnectionEnabled: true, noSign: true, pCloudy_ApiKey: jfx5ppmbyng7x8mv2z9hvzqz, pCloudy_ApplicationName: Qtrac.apk, pCloudy_DeviceFullName: Samsung_GalaxyJ4Plus_Androi..., pCloudy_DurationInMinutes: 60, pCloudy_Username: nikita.shinde@qualitykiosk.com, pixelRatio: 1.75, platform: LINUX, platformName: ANDROID, platformVersion: 8.1.0, statBarHeight: 42, takesScreenshot: true, udid: 879ee013, viewportRect: {height: 1354, left: 0, top: 42, width: 720}, warnings: {}, webStorageEnabled: false}
Session ID: 91e16b39-9c84-4ad3-8b2a-e8294df71f61
	at sun.reflect.NativeConstructorAccessorImpl.newInstance0(Native Method)
	at sun.reflect.NativeConstructorAccessorImpl.newInstance(Unknown Source)
	at sun.reflect.DelegatingConstructorAccessorImpl.newInstance(Unknown Source)
	at java.lang.reflect.Constructor.newInstance(Unknown Source)
	at org.openqa.selenium.remote.ErrorHandler.createThrowable(ErrorHandler.java:214)
	at org.openqa.selenium.remote.ErrorHandler.throwIfResponseFailed(ErrorHandler.java:166)
	at org.openqa.selenium.remote.http.JsonHttpResponseCodec.reconstructValue(JsonHttpResponseCodec.java:40)
	at org.openqa.selenium.remote.http.AbstractHttpResponseCodec.decode(AbstractHttpResponseCodec.java:80)
	at org.openqa.selenium.remote.http.AbstractHttpResponseCodec.decode(AbstractHttpResponseCodec.java:44)
	at org.openqa.selenium.remote.HttpCommandExecutor.execute(HttpCommandExecutor.java:158)
	at com.qaprosoft.carina.core.foundation.webdriver.listener.EventFiringAppiumCommandExecutor.execute(EventFiringAppiumCommandExecutor.java:150)
	at org.openqa.selenium.remote.RemoteWebDriver.execute(RemoteWebDriver.java:552)
	at io.appium.java_client.DefaultGenericMobileDriver.execute(DefaultGenericMobileDriver.java:45)
	at io.appium.java_client.AppiumDriver.execute(AppiumDriver.java:1)
	at io.appium.java_client.android.AndroidDriver.execute(AndroidDriver.java:1)
	at org.openqa.selenium.remote.RemoteWebDriver.getTitle(RemoteWebDriver.java:281)
	at sun.reflect.NativeMethodAccessorImpl.invoke0(Native Method)
	at sun.reflect.NativeMethodAccessorImpl.invoke(Unknown Source)
	at sun.reflect.DelegatingMethodAccessorImpl.invoke(Unknown Source)
	at java.lang.reflect.Method.invoke(Unknown Source)
	at org.openqa.selenium.support.events.EventFiringWebDriver.lambda$new$1(EventFiringWebDriver.java:105)
	at io.appium.java_client.android.$Proxy37.getTitle(Unknown Source)
	at com.qaprosoft.carina.demo.utils.PerfEventHandler.afterClickOn(PerfEventHandler.java:39)
	at sun.reflect.NativeMethodAccessorImpl.invoke0(Native Method)
	at sun.reflect.NativeMethodAccessorImpl.invoke(Unknown Source)
	at sun.reflect.DelegatingMethodAccessorImpl.invoke(Unknown Source)
	at java.lang.reflect.Method.invoke(Unknown Source)
	at org.openqa.selenium.support.events.EventFiringWebDriver.lambda$new$0(EventFiringWebDriver.java:84)
	at com.sun.proxy.$Proxy36.afterClickOn(Unknown Source)
	at org.openqa.selenium.support.events.EventFiringWebDriver$EventFiringWebElement.click(EventFiringWebDriver.java:418)
	at com.qaprosoft.carina.core.foundation.webdriver.decorator.ExtendedWebElement$1.doTap(ExtendedWebElement.java:1442)
	at com.qaprosoft.carina.core.foundation.webdriver.decorator.ExtendedWebElement.executeAction(ExtendedWebElement.java:1266)
	at com.qaprosoft.carina.core.foundation.webdriver.decorator.ExtendedWebElement.overrideAction(ExtendedWebElement.java:1408)
	at com.qaprosoft.carina.core.foundation.webdriver.decorator.ExtendedWebElement.doAction(ExtendedWebElement.java:1393)
	at com.qaprosoft.carina.core.foundation.webdriver.decorator.ExtendedWebElement.doAction(ExtendedWebElement.java:1345)
	at com.qaprosoft.carina.core.foundation.webdriver.decorator.ExtendedWebElement.click(ExtendedWebElement.java:493)
	at com.qaprosoft.carina.core.foundation.webdriver.decorator.ExtendedWebElement.click(ExtendedWebElement.java:481)
	at com.qaprosoft.carina.core.foundation.webdriver.decorator.ExtendedWebElement.click(ExtendedWebElement.java:472)
	at com.qaprosoft.carina.core.foundation.webdriver.decorator.ExtendedWebElement.clickIfPresent(ExtendedWebElement.java:594)
	at com.qaprosoft.carina.core.foundation.webdriver.decorator.ExtendedWebElement.clickIfPresent(ExtendedWebElement.java:582)
	at com.qaprosoft.carina.demo.mobile.gui.pages.android.QtracLoginPage.clickonSignin(QtracLoginPage.java:38)
	at com.qaprosoft.carina.demo.cucumber.steps.QtracStepdef.enterdetails(QtracStepdef.java:34)
	at ✽.When Enter Username and Password(src/test/resources/features/Qtrac.feature:8)
]]></failure>
</testcase>
</testsuite>
