<?xml version="1.0" encoding="UTF-8"?>
<testng-results skipped="0" failed="0" ignored="0" total="125" passed="125">
  <reporter-output>
  </reporter-output>
  <suite name="End to End Carina API Test" duration-ms="23531" started-at="2020-01-21T05:33:36Z" finished-at="2020-01-21T05:33:59Z">
    <groups>
    </groups>
    <test name="E2E API Test" duration-ms="23531" started-at="2020-01-21T05:33:36Z" finished-at="2020-01-21T05:33:59Z">
      <class name="com.qaprosoft.carina.demo.ProposalSubmissionTest">
        <test-method status="PASS" signature="Proposal_Submission(java.lang.String, java.lang.String, java.lang.String, java.lang.String, java.lang.String, java.lang.String, java.lang.String, java.lang.String, java.lang.String, java.lang.String, java.lang.String)[pri:0, instance:com.qaprosoft.carina.demo.ProposalSubmissionTest@cd3fee8]" name="Proposal_Submission" duration-ms="6151" started-at="2020-01-21T05:33:36Z" description="Testing Policy Quote API" data-provider="DataProvider" finished-at="2020-01-21T05:33:43Z">
          <params>
            <param index="0">
              <value>
                <![CDATA[Test]]>
              </value>
            </param>
            <param index="1">
              <value>
                <![CDATA[Demo]]>
              </value>
            </param>
            <param index="2">
              <value is-null="true"/>
            </param>
            <param index="3">
              <value>
                <![CDATA[7776666667]]>
              </value>
            </param>
            <param index="4">
              <value>
                <![CDATA[PAN]]>
              </value>
            </param>
            <param index="5">
              <value>
                <![CDATA[married]]>
              </value>
            </param>
            <param index="6">
              <value>
                <![CDATA[Indian]]>
              </value>
            </param>
            <param index="7">
              <value>
                <![CDATA[200000]]>
              </value>
            </param>
            <param index="8">
              <value>
                <![CDATA[service]]>
              </value>
            </param>
            <param index="9">
              <value>
                <![CDATA[Child]]>
              </value>
            </param>
            <param index="10">
              <value>
                <![CDATA[500000]]>
              </value>
            </param>
          </params>
          <reporter-output>
          </reporter-output>
        </test-method> <!-- Proposal_Submission -->
        <test-method status="PASS" signature="Proposal_Submission(java.lang.String, java.lang.String, java.lang.String, java.lang.String, java.lang.String, java.lang.String, java.lang.String, java.lang.String, java.lang.String, java.lang.String, java.lang.String)[pri:0, instance:com.qaprosoft.carina.demo.ProposalSubmissionTest@cd3fee8]" name="Proposal_Submission" duration-ms="6132" started-at="2020-01-21T05:33:36Z" description="Testing Policy Quote API" data-provider="DataProvider" finished-at="2020-01-21T05:33:43Z">
          <params>
            <param index="0">
              <value>
                <![CDATA[Test]]>
              </value>
            </param>
            <param index="1">
              <value>
                <![CDATA[Demo]]>
              </value>
            </param>
            <param index="2">
              <value is-null="true"/>
            </param>
            <param index="3">
              <value>
                <![CDATA[7776666667]]>
              </value>
            </param>
            <param index="4">
              <value>
                <![CDATA[PAN]]>
              </value>
            </param>
            <param index="5">
              <value>
                <![CDATA[married]]>
              </value>
            </param>
            <param index="6">
              <value>
                <![CDATA[Indian]]>
              </value>
            </param>
            <param index="7">
              <value>
                <![CDATA[200000]]>
              </value>
            </param>
            <param index="8">
              <value>
                <![CDATA[service]]>
              </value>
            </param>
            <param index="9">
              <value>
                <![CDATA[Child]]>
              </value>
            </param>
            <param index="10">
              <value>
                <![CDATA[500000]]>
              </value>
            </param>
          </params>
          <reporter-output>
          </reporter-output>
        </test-method> <!-- Proposal_Submission -->
        <test-method status="PASS" signature="Proposal_Submission(java.lang.String, java.lang.String, java.lang.String, java.lang.String, java.lang.String, java.lang.String, java.lang.String, java.lang.String, java.lang.String, java.lang.String, java.lang.String)[pri:0, instance:com.qaprosoft.carina.demo.ProposalSubmissionTest@cd3fee8]" name="Proposal_Submission" duration-ms="6209" started-at="2020-01-21T05:33:36Z" description="Testing Policy Quote API" data-provider="DataProvider" finished-at="2020-01-21T05:33:43Z">
          <params>
            <param index="0">
              <value>
                <![CDATA[Test]]>
              </value>
            </param>
            <param index="1">
              <value>
                <![CDATA[Demo]]>
              </value>
            </param>
            <param index="2">
              <value is-null="true"/>
            </param>
            <param index="3">
              <value>
                <![CDATA[7776666667]]>
              </value>
            </param>
            <param index="4">
              <value>
                <![CDATA[PAN]]>
              </value>
            </param>
            <param index="5">
              <value>
                <![CDATA[married]]>
              </value>
            </param>
            <param index="6">
              <value>
                <![CDATA[Indian]]>
              </value>
            </param>
            <param index="7">
              <value>
                <![CDATA[200000]]>
              </value>
            </param>
            <param index="8">
              <value>
                <![CDATA[service]]>
              </value>
            </param>
            <param index="9">
              <value>
                <![CDATA[Child]]>
              </value>
            </param>
            <param index="10">
              <value>
                <![CDATA[500000]]>
              </value>
            </param>
          </params>
          <reporter-output>
          </reporter-output>
        </test-method> <!-- Proposal_Submission -->
        <test-method status="PASS" signature="Proposal_Submission(java.lang.String, java.lang.String, java.lang.String, java.lang.String, java.lang.String, java.lang.String, java.lang.String, java.lang.String, java.lang.String, java.lang.String, java.lang.String)[pri:0, instance:com.qaprosoft.carina.demo.ProposalSubmissionTest@cd3fee8]" name="Proposal_Submission" duration-ms="6178" started-at="2020-01-21T05:33:36Z" description="Testing Policy Quote API" data-provider="DataProvider" finished-at="2020-01-21T05:33:43Z">
          <params>
            <param index="0">
              <value>
                <![CDATA[Test]]>
              </value>
            </param>
            <param index="1">
              <value>
                <![CDATA[Demo]]>
              </value>
            </param>
            <param index="2">
              <value is-null="true"/>
            </param>
            <param index="3">
              <value>
                <![CDATA[7776666667]]>
              </value>
            </param>
            <param index="4">
              <value>
                <![CDATA[PAN]]>
              </value>
            </param>
            <param index="5">
              <value>
                <![CDATA[married]]>
              </value>
            </param>
            <param index="6">
              <value>
                <![CDATA[Indian]]>
              </value>
            </param>
            <param index="7">
              <value>
                <![CDATA[200000]]>
              </value>
            </param>
            <param index="8">
              <value>
                <![CDATA[service]]>
              </value>
            </param>
            <param index="9">
              <value>
                <![CDATA[Child]]>
              </value>
            </param>
            <param index="10">
              <value>
                <![CDATA[500000]]>
              </value>
            </param>
          </params>
          <reporter-output>
          </reporter-output>
        </test-method> <!-- Proposal_Submission -->
        <test-method status="PASS" signature="Proposal_Submission(java.lang.String, java.lang.String, java.lang.String, java.lang.String, java.lang.String, java.lang.String, java.lang.String, java.lang.String, java.lang.String, java.lang.String, java.lang.String)[pri:0, instance:com.qaprosoft.carina.demo.ProposalSubmissionTest@cd3fee8]" name="Proposal_Submission" duration-ms="6139" started-at="2020-01-21T05:33:36Z" description="Testing Policy Quote API" data-provider="DataProvider" finished-at="2020-01-21T05:33:43Z">
          <params>
            <param index="0">
              <value>
                <![CDATA[Test]]>
              </value>
            </param>
            <param index="1">
              <value>
                <![CDATA[Demo]]>
              </value>
            </param>
            <param index="2">
              <value is-null="true"/>
            </param>
            <param index="3">
              <value>
                <![CDATA[7776666667]]>
              </value>
            </param>
            <param index="4">
              <value>
                <![CDATA[PAN]]>
              </value>
            </param>
            <param index="5">
              <value>
                <![CDATA[married]]>
              </value>
            </param>
            <param index="6">
              <value>
                <![CDATA[Indian]]>
              </value>
            </param>
            <param index="7">
              <value>
                <![CDATA[200000]]>
              </value>
            </param>
            <param index="8">
              <value>
                <![CDATA[service]]>
              </value>
            </param>
            <param index="9">
              <value>
                <![CDATA[Child]]>
              </value>
            </param>
            <param index="10">
              <value>
                <![CDATA[500000]]>
              </value>
            </param>
          </params>
          <reporter-output>
          </reporter-output>
        </test-method> <!-- Proposal_Submission -->
        <test-method status="PASS" signature="Proposal_Submission(java.lang.String, java.lang.String, java.lang.String, java.lang.String, java.lang.String, java.lang.String, java.lang.String, java.lang.String, java.lang.String, java.lang.String, java.lang.String)[pri:0, instance:com.qaprosoft.carina.demo.ProposalSubmissionTest@cd3fee8]" name="Proposal_Submission" duration-ms="6125" started-at="2020-01-21T05:33:36Z" description="Testing Policy Quote API" data-provider="DataProvider" finished-at="2020-01-21T05:33:43Z">
          <params>
            <param index="0">
              <value>
                <![CDATA[Test]]>
              </value>
            </param>
            <param index="1">
              <value>
                <![CDATA[Demo]]>
              </value>
            </param>
            <param index="2">
              <value is-null="true"/>
            </param>
            <param index="3">
              <value>
                <![CDATA[7776666667]]>
              </value>
            </param>
            <param index="4">
              <value>
                <![CDATA[PAN]]>
              </value>
            </param>
            <param index="5">
              <value>
                <![CDATA[married]]>
              </value>
            </param>
            <param index="6">
              <value>
                <![CDATA[Indian]]>
              </value>
            </param>
            <param index="7">
              <value>
                <![CDATA[200000]]>
              </value>
            </param>
            <param index="8">
              <value>
                <![CDATA[service]]>
              </value>
            </param>
            <param index="9">
              <value>
                <![CDATA[Child]]>
              </value>
            </param>
            <param index="10">
              <value>
                <![CDATA[500000]]>
              </value>
            </param>
          </params>
          <reporter-output>
          </reporter-output>
        </test-method> <!-- Proposal_Submission -->
        <test-method status="PASS" signature="Proposal_Submission(java.lang.String, java.lang.String, java.lang.String, java.lang.String, java.lang.String, java.lang.String, java.lang.String, java.lang.String, java.lang.String, java.lang.String, java.lang.String)[pri:0, instance:com.qaprosoft.carina.demo.ProposalSubmissionTest@cd3fee8]" name="Proposal_Submission" duration-ms="6239" started-at="2020-01-21T05:33:36Z" description="Testing Policy Quote API" data-provider="DataProvider" finished-at="2020-01-21T05:33:43Z">
          <params>
            <param index="0">
              <value>
                <![CDATA[Test]]>
              </value>
            </param>
            <param index="1">
              <value>
                <![CDATA[Demo]]>
              </value>
            </param>
            <param index="2">
              <value is-null="true"/>
            </param>
            <param index="3">
              <value>
                <![CDATA[7776666667]]>
              </value>
            </param>
            <param index="4">
              <value>
                <![CDATA[PAN]]>
              </value>
            </param>
            <param index="5">
              <value>
                <![CDATA[married]]>
              </value>
            </param>
            <param index="6">
              <value>
                <![CDATA[Indian]]>
              </value>
            </param>
            <param index="7">
              <value>
                <![CDATA[200000]]>
              </value>
            </param>
            <param index="8">
              <value>
                <![CDATA[service]]>
              </value>
            </param>
            <param index="9">
              <value>
                <![CDATA[Child]]>
              </value>
            </param>
            <param index="10">
              <value>
                <![CDATA[500000]]>
              </value>
            </param>
          </params>
          <reporter-output>
          </reporter-output>
        </test-method> <!-- Proposal_Submission -->
        <test-method status="PASS" signature="Proposal_Submission(java.lang.String, java.lang.String, java.lang.String, java.lang.String, java.lang.String, java.lang.String, java.lang.String, java.lang.String, java.lang.String, java.lang.String, java.lang.String)[pri:0, instance:com.qaprosoft.carina.demo.ProposalSubmissionTest@cd3fee8]" name="Proposal_Submission" duration-ms="6148" started-at="2020-01-21T05:33:36Z" description="Testing Policy Quote API" data-provider="DataProvider" finished-at="2020-01-21T05:33:43Z">
          <params>
            <param index="0">
              <value>
                <![CDATA[Test]]>
              </value>
            </param>
            <param index="1">
              <value>
                <![CDATA[Demo]]>
              </value>
            </param>
            <param index="2">
              <value is-null="true"/>
            </param>
            <param index="3">
              <value>
                <![CDATA[7776666667]]>
              </value>
            </param>
            <param index="4">
              <value>
                <![CDATA[PAN]]>
              </value>
            </param>
            <param index="5">
              <value>
                <![CDATA[married]]>
              </value>
            </param>
            <param index="6">
              <value>
                <![CDATA[Indian]]>
              </value>
            </param>
            <param index="7">
              <value>
                <![CDATA[200000]]>
              </value>
            </param>
            <param index="8">
              <value>
                <![CDATA[service]]>
              </value>
            </param>
            <param index="9">
              <value>
                <![CDATA[Child]]>
              </value>
            </param>
            <param index="10">
              <value>
                <![CDATA[500000]]>
              </value>
            </param>
          </params>
          <reporter-output>
          </reporter-output>
        </test-method> <!-- Proposal_Submission -->
        <test-method status="PASS" signature="Proposal_Submission(java.lang.String, java.lang.String, java.lang.String, java.lang.String, java.lang.String, java.lang.String, java.lang.String, java.lang.String, java.lang.String, java.lang.String, java.lang.String)[pri:0, instance:com.qaprosoft.carina.demo.ProposalSubmissionTest@cd3fee8]" name="Proposal_Submission" duration-ms="6135" started-at="2020-01-21T05:33:36Z" description="Testing Policy Quote API" data-provider="DataProvider" finished-at="2020-01-21T05:33:43Z">
          <params>
            <param index="0">
              <value>
                <![CDATA[Test]]>
              </value>
            </param>
            <param index="1">
              <value>
                <![CDATA[Demo]]>
              </value>
            </param>
            <param index="2">
              <value is-null="true"/>
            </param>
            <param index="3">
              <value>
                <![CDATA[7776666667]]>
              </value>
            </param>
            <param index="4">
              <value>
                <![CDATA[PAN]]>
              </value>
            </param>
            <param index="5">
              <value>
                <![CDATA[married]]>
              </value>
            </param>
            <param index="6">
              <value>
                <![CDATA[Indian]]>
              </value>
            </param>
            <param index="7">
              <value>
                <![CDATA[200000]]>
              </value>
            </param>
            <param index="8">
              <value>
                <![CDATA[service]]>
              </value>
            </param>
            <param index="9">
              <value>
                <![CDATA[Child]]>
              </value>
            </param>
            <param index="10">
              <value>
                <![CDATA[500000]]>
              </value>
            </param>
          </params>
          <reporter-output>
          </reporter-output>
        </test-method> <!-- Proposal_Submission -->
        <test-method status="PASS" signature="Proposal_Submission(java.lang.String, java.lang.String, java.lang.String, java.lang.String, java.lang.String, java.lang.String, java.lang.String, java.lang.String, java.lang.String, java.lang.String, java.lang.String)[pri:0, instance:com.qaprosoft.carina.demo.ProposalSubmissionTest@cd3fee8]" name="Proposal_Submission" duration-ms="6144" started-at="2020-01-21T05:33:36Z" description="Testing Policy Quote API" data-provider="DataProvider" finished-at="2020-01-21T05:33:43Z">
          <params>
            <param index="0">
              <value>
                <![CDATA[Test]]>
              </value>
            </param>
            <param index="1">
              <value>
                <![CDATA[Demo]]>
              </value>
            </param>
            <param index="2">
              <value is-null="true"/>
            </param>
            <param index="3">
              <value>
                <![CDATA[7776666667]]>
              </value>
            </param>
            <param index="4">
              <value>
                <![CDATA[PAN]]>
              </value>
            </param>
            <param index="5">
              <value>
                <![CDATA[married]]>
              </value>
            </param>
            <param index="6">
              <value>
                <![CDATA[Indian]]>
              </value>
            </param>
            <param index="7">
              <value>
                <![CDATA[200000]]>
              </value>
            </param>
            <param index="8">
              <value>
                <![CDATA[service]]>
              </value>
            </param>
            <param index="9">
              <value>
                <![CDATA[Child]]>
              </value>
            </param>
            <param index="10">
              <value>
                <![CDATA[500000]]>
              </value>
            </param>
          </params>
          <reporter-output>
          </reporter-output>
        </test-method> <!-- Proposal_Submission -->
        <test-method status="PASS" signature="Proposal_Submission(java.lang.String, java.lang.String, java.lang.String, java.lang.String, java.lang.String, java.lang.String, java.lang.String, java.lang.String, java.lang.String, java.lang.String, java.lang.String)[pri:0, instance:com.qaprosoft.carina.demo.ProposalSubmissionTest@cd3fee8]" name="Proposal_Submission" duration-ms="6234" started-at="2020-01-21T05:33:36Z" description="Testing Policy Quote API" data-provider="DataProvider" finished-at="2020-01-21T05:33:43Z">
          <params>
            <param index="0">
              <value>
                <![CDATA[Test]]>
              </value>
            </param>
            <param index="1">
              <value>
                <![CDATA[Demo]]>
              </value>
            </param>
            <param index="2">
              <value is-null="true"/>
            </param>
            <param index="3">
              <value>
                <![CDATA[7776666667]]>
              </value>
            </param>
            <param index="4">
              <value>
                <![CDATA[PAN]]>
              </value>
            </param>
            <param index="5">
              <value>
                <![CDATA[married]]>
              </value>
            </param>
            <param index="6">
              <value>
                <![CDATA[Indian]]>
              </value>
            </param>
            <param index="7">
              <value>
                <![CDATA[200000]]>
              </value>
            </param>
            <param index="8">
              <value>
                <![CDATA[service]]>
              </value>
            </param>
            <param index="9">
              <value>
                <![CDATA[Child]]>
              </value>
            </param>
            <param index="10">
              <value>
                <![CDATA[500000]]>
              </value>
            </param>
          </params>
          <reporter-output>
          </reporter-output>
        </test-method> <!-- Proposal_Submission -->
        <test-method status="PASS" signature="Proposal_Submission(java.lang.String, java.lang.String, java.lang.String, java.lang.String, java.lang.String, java.lang.String, java.lang.String, java.lang.String, java.lang.String, java.lang.String, java.lang.String)[pri:0, instance:com.qaprosoft.carina.demo.ProposalSubmissionTest@cd3fee8]" name="Proposal_Submission" duration-ms="6228" started-at="2020-01-21T05:33:36Z" description="Testing Policy Quote API" data-provider="DataProvider" finished-at="2020-01-21T05:33:43Z">
          <params>
            <param index="0">
              <value>
                <![CDATA[Test]]>
              </value>
            </param>
            <param index="1">
              <value>
                <![CDATA[Demo]]>
              </value>
            </param>
            <param index="2">
              <value is-null="true"/>
            </param>
            <param index="3">
              <value>
                <![CDATA[7776666667]]>
              </value>
            </param>
            <param index="4">
              <value>
                <![CDATA[PAN]]>
              </value>
            </param>
            <param index="5">
              <value>
                <![CDATA[married]]>
              </value>
            </param>
            <param index="6">
              <value>
                <![CDATA[Indian]]>
              </value>
            </param>
            <param index="7">
              <value>
                <![CDATA[200000]]>
              </value>
            </param>
            <param index="8">
              <value>
                <![CDATA[service]]>
              </value>
            </param>
            <param index="9">
              <value>
                <![CDATA[Child]]>
              </value>
            </param>
            <param index="10">
              <value>
                <![CDATA[500000]]>
              </value>
            </param>
          </params>
          <reporter-output>
          </reporter-output>
        </test-method> <!-- Proposal_Submission -->
        <test-method status="PASS" signature="Proposal_Submission(java.lang.String, java.lang.String, java.lang.String, java.lang.String, java.lang.String, java.lang.String, java.lang.String, java.lang.String, java.lang.String, java.lang.String, java.lang.String)[pri:0, instance:com.qaprosoft.carina.demo.ProposalSubmissionTest@cd3fee8]" name="Proposal_Submission" duration-ms="6122" started-at="2020-01-21T05:33:36Z" description="Testing Policy Quote API" data-provider="DataProvider" finished-at="2020-01-21T05:33:43Z">
          <params>
            <param index="0">
              <value>
                <![CDATA[Test]]>
              </value>
            </param>
            <param index="1">
              <value>
                <![CDATA[Demo]]>
              </value>
            </param>
            <param index="2">
              <value is-null="true"/>
            </param>
            <param index="3">
              <value>
                <![CDATA[7776666667]]>
              </value>
            </param>
            <param index="4">
              <value>
                <![CDATA[PAN]]>
              </value>
            </param>
            <param index="5">
              <value>
                <![CDATA[married]]>
              </value>
            </param>
            <param index="6">
              <value>
                <![CDATA[Indian]]>
              </value>
            </param>
            <param index="7">
              <value>
                <![CDATA[200000]]>
              </value>
            </param>
            <param index="8">
              <value>
                <![CDATA[service]]>
              </value>
            </param>
            <param index="9">
              <value>
                <![CDATA[Child]]>
              </value>
            </param>
            <param index="10">
              <value>
                <![CDATA[500000]]>
              </value>
            </param>
          </params>
          <reporter-output>
          </reporter-output>
        </test-method> <!-- Proposal_Submission -->
        <test-method status="PASS" signature="Proposal_Submission(java.lang.String, java.lang.String, java.lang.String, java.lang.String, java.lang.String, java.lang.String, java.lang.String, java.lang.String, java.lang.String, java.lang.String, java.lang.String)[pri:0, instance:com.qaprosoft.carina.demo.ProposalSubmissionTest@cd3fee8]" name="Proposal_Submission" duration-ms="6141" started-at="2020-01-21T05:33:36Z" description="Testing Policy Quote API" data-provider="DataProvider" finished-at="2020-01-21T05:33:43Z">
          <params>
            <param index="0">
              <value>
                <![CDATA[Test]]>
              </value>
            </param>
            <param index="1">
              <value>
                <![CDATA[Demo]]>
              </value>
            </param>
            <param index="2">
              <value is-null="true"/>
            </param>
            <param index="3">
              <value>
                <![CDATA[7776666667]]>
              </value>
            </param>
            <param index="4">
              <value>
                <![CDATA[PAN]]>
              </value>
            </param>
            <param index="5">
              <value>
                <![CDATA[married]]>
              </value>
            </param>
            <param index="6">
              <value>
                <![CDATA[Indian]]>
              </value>
            </param>
            <param index="7">
              <value>
                <![CDATA[200000]]>
              </value>
            </param>
            <param index="8">
              <value>
                <![CDATA[service]]>
              </value>
            </param>
            <param index="9">
              <value>
                <![CDATA[Child]]>
              </value>
            </param>
            <param index="10">
              <value>
                <![CDATA[500000]]>
              </value>
            </param>
          </params>
          <reporter-output>
          </reporter-output>
        </test-method> <!-- Proposal_Submission -->
        <test-method status="PASS" signature="Proposal_Submission(java.lang.String, java.lang.String, java.lang.String, java.lang.String, java.lang.String, java.lang.String, java.lang.String, java.lang.String, java.lang.String, java.lang.String, java.lang.String)[pri:0, instance:com.qaprosoft.carina.demo.ProposalSubmissionTest@cd3fee8]" name="Proposal_Submission" duration-ms="6125" started-at="2020-01-21T05:33:36Z" description="Testing Policy Quote API" data-provider="DataProvider" finished-at="2020-01-21T05:33:43Z">
          <params>
            <param index="0">
              <value>
                <![CDATA[Test]]>
              </value>
            </param>
            <param index="1">
              <value>
                <![CDATA[Demo]]>
              </value>
            </param>
            <param index="2">
              <value is-null="true"/>
            </param>
            <param index="3">
              <value>
                <![CDATA[7776666667]]>
              </value>
            </param>
            <param index="4">
              <value>
                <![CDATA[PAN]]>
              </value>
            </param>
            <param index="5">
              <value>
                <![CDATA[married]]>
              </value>
            </param>
            <param index="6">
              <value>
                <![CDATA[Indian]]>
              </value>
            </param>
            <param index="7">
              <value>
                <![CDATA[200000]]>
              </value>
            </param>
            <param index="8">
              <value>
                <![CDATA[service]]>
              </value>
            </param>
            <param index="9">
              <value>
                <![CDATA[Child]]>
              </value>
            </param>
            <param index="10">
              <value>
                <![CDATA[500000]]>
              </value>
            </param>
          </params>
          <reporter-output>
          </reporter-output>
        </test-method> <!-- Proposal_Submission -->
        <test-method status="PASS" signature="Proposal_Submission(java.lang.String, java.lang.String, java.lang.String, java.lang.String, java.lang.String, java.lang.String, java.lang.String, java.lang.String, java.lang.String, java.lang.String, java.lang.String)[pri:0, instance:com.qaprosoft.carina.demo.ProposalSubmissionTest@cd3fee8]" name="Proposal_Submission" duration-ms="6130" started-at="2020-01-21T05:33:36Z" description="Testing Policy Quote API" data-provider="DataProvider" finished-at="2020-01-21T05:33:43Z">
          <params>
            <param index="0">
              <value>
                <![CDATA[Test]]>
              </value>
            </param>
            <param index="1">
              <value>
                <![CDATA[Demo]]>
              </value>
            </param>
            <param index="2">
              <value is-null="true"/>
            </param>
            <param index="3">
              <value>
                <![CDATA[7776666667]]>
              </value>
            </param>
            <param index="4">
              <value>
                <![CDATA[PAN]]>
              </value>
            </param>
            <param index="5">
              <value>
                <![CDATA[married]]>
              </value>
            </param>
            <param index="6">
              <value>
                <![CDATA[Indian]]>
              </value>
            </param>
            <param index="7">
              <value>
                <![CDATA[200000]]>
              </value>
            </param>
            <param index="8">
              <value>
                <![CDATA[service]]>
              </value>
            </param>
            <param index="9">
              <value>
                <![CDATA[Child]]>
              </value>
            </param>
            <param index="10">
              <value>
                <![CDATA[500000]]>
              </value>
            </param>
          </params>
          <reporter-output>
          </reporter-output>
        </test-method> <!-- Proposal_Submission -->
        <test-method status="PASS" signature="Proposal_Submission(java.lang.String, java.lang.String, java.lang.String, java.lang.String, java.lang.String, java.lang.String, java.lang.String, java.lang.String, java.lang.String, java.lang.String, java.lang.String)[pri:0, instance:com.qaprosoft.carina.demo.ProposalSubmissionTest@cd3fee8]" name="Proposal_Submission" duration-ms="6184" started-at="2020-01-21T05:33:36Z" description="Testing Policy Quote API" data-provider="DataProvider" finished-at="2020-01-21T05:33:43Z">
          <params>
            <param index="0">
              <value>
                <![CDATA[Test]]>
              </value>
            </param>
            <param index="1">
              <value>
                <![CDATA[Demo]]>
              </value>
            </param>
            <param index="2">
              <value is-null="true"/>
            </param>
            <param index="3">
              <value>
                <![CDATA[7776666667]]>
              </value>
            </param>
            <param index="4">
              <value>
                <![CDATA[PAN]]>
              </value>
            </param>
            <param index="5">
              <value>
                <![CDATA[married]]>
              </value>
            </param>
            <param index="6">
              <value>
                <![CDATA[Indian]]>
              </value>
            </param>
            <param index="7">
              <value>
                <![CDATA[200000]]>
              </value>
            </param>
            <param index="8">
              <value>
                <![CDATA[service]]>
              </value>
            </param>
            <param index="9">
              <value>
                <![CDATA[Child]]>
              </value>
            </param>
            <param index="10">
              <value>
                <![CDATA[500000]]>
              </value>
            </param>
          </params>
          <reporter-output>
          </reporter-output>
        </test-method> <!-- Proposal_Submission -->
        <test-method status="PASS" signature="Proposal_Submission(java.lang.String, java.lang.String, java.lang.String, java.lang.String, java.lang.String, java.lang.String, java.lang.String, java.lang.String, java.lang.String, java.lang.String, java.lang.String)[pri:0, instance:com.qaprosoft.carina.demo.ProposalSubmissionTest@cd3fee8]" name="Proposal_Submission" duration-ms="6149" started-at="2020-01-21T05:33:36Z" description="Testing Policy Quote API" data-provider="DataProvider" finished-at="2020-01-21T05:33:43Z">
          <params>
            <param index="0">
              <value>
                <![CDATA[Test]]>
              </value>
            </param>
            <param index="1">
              <value>
                <![CDATA[Demo]]>
              </value>
            </param>
            <param index="2">
              <value is-null="true"/>
            </param>
            <param index="3">
              <value>
                <![CDATA[7776666667]]>
              </value>
            </param>
            <param index="4">
              <value>
                <![CDATA[PAN]]>
              </value>
            </param>
            <param index="5">
              <value>
                <![CDATA[married]]>
              </value>
            </param>
            <param index="6">
              <value>
                <![CDATA[Indian]]>
              </value>
            </param>
            <param index="7">
              <value>
                <![CDATA[200000]]>
              </value>
            </param>
            <param index="8">
              <value>
                <![CDATA[service]]>
              </value>
            </param>
            <param index="9">
              <value>
                <![CDATA[Child]]>
              </value>
            </param>
            <param index="10">
              <value>
                <![CDATA[500000]]>
              </value>
            </param>
          </params>
          <reporter-output>
          </reporter-output>
        </test-method> <!-- Proposal_Submission -->
        <test-method status="PASS" signature="Proposal_Submission(java.lang.String, java.lang.String, java.lang.String, java.lang.String, java.lang.String, java.lang.String, java.lang.String, java.lang.String, java.lang.String, java.lang.String, java.lang.String)[pri:0, instance:com.qaprosoft.carina.demo.ProposalSubmissionTest@cd3fee8]" name="Proposal_Submission" duration-ms="6122" started-at="2020-01-21T05:33:36Z" description="Testing Policy Quote API" data-provider="DataProvider" finished-at="2020-01-21T05:33:43Z">
          <params>
            <param index="0">
              <value>
                <![CDATA[Test]]>
              </value>
            </param>
            <param index="1">
              <value>
                <![CDATA[Demo]]>
              </value>
            </param>
            <param index="2">
              <value is-null="true"/>
            </param>
            <param index="3">
              <value>
                <![CDATA[7776666667]]>
              </value>
            </param>
            <param index="4">
              <value>
                <![CDATA[PAN]]>
              </value>
            </param>
            <param index="5">
              <value>
                <![CDATA[married]]>
              </value>
            </param>
            <param index="6">
              <value>
                <![CDATA[Indian]]>
              </value>
            </param>
            <param index="7">
              <value>
                <![CDATA[200000]]>
              </value>
            </param>
            <param index="8">
              <value>
                <![CDATA[service]]>
              </value>
            </param>
            <param index="9">
              <value>
                <![CDATA[Child]]>
              </value>
            </param>
            <param index="10">
              <value>
                <![CDATA[500000]]>
              </value>
            </param>
          </params>
          <reporter-output>
          </reporter-output>
        </test-method> <!-- Proposal_Submission -->
        <test-method status="PASS" signature="Proposal_Submission(java.lang.String, java.lang.String, java.lang.String, java.lang.String, java.lang.String, java.lang.String, java.lang.String, java.lang.String, java.lang.String, java.lang.String, java.lang.String)[pri:0, instance:com.qaprosoft.carina.demo.ProposalSubmissionTest@cd3fee8]" name="Proposal_Submission" duration-ms="6204" started-at="2020-01-21T05:33:36Z" description="Testing Policy Quote API" data-provider="DataProvider" finished-at="2020-01-21T05:33:43Z">
          <params>
            <param index="0">
              <value>
                <![CDATA[Test]]>
              </value>
            </param>
            <param index="1">
              <value>
                <![CDATA[Demo]]>
              </value>
            </param>
            <param index="2">
              <value is-null="true"/>
            </param>
            <param index="3">
              <value>
                <![CDATA[7776666667]]>
              </value>
            </param>
            <param index="4">
              <value>
                <![CDATA[PAN]]>
              </value>
            </param>
            <param index="5">
              <value>
                <![CDATA[married]]>
              </value>
            </param>
            <param index="6">
              <value>
                <![CDATA[Indian]]>
              </value>
            </param>
            <param index="7">
              <value>
                <![CDATA[200000]]>
              </value>
            </param>
            <param index="8">
              <value>
                <![CDATA[service]]>
              </value>
            </param>
            <param index="9">
              <value>
                <![CDATA[Child]]>
              </value>
            </param>
            <param index="10">
              <value>
                <![CDATA[500000]]>
              </value>
            </param>
          </params>
          <reporter-output>
          </reporter-output>
        </test-method> <!-- Proposal_Submission -->
        <test-method status="PASS" signature="Proposal_Submission(java.lang.String, java.lang.String, java.lang.String, java.lang.String, java.lang.String, java.lang.String, java.lang.String, java.lang.String, java.lang.String, java.lang.String, java.lang.String)[pri:0, instance:com.qaprosoft.carina.demo.ProposalSubmissionTest@cd3fee8]" name="Proposal_Submission" duration-ms="6136" started-at="2020-01-21T05:33:36Z" description="Testing Policy Quote API" data-provider="DataProvider" finished-at="2020-01-21T05:33:43Z">
          <params>
            <param index="0">
              <value>
                <![CDATA[Test]]>
              </value>
            </param>
            <param index="1">
              <value>
                <![CDATA[Demo]]>
              </value>
            </param>
            <param index="2">
              <value is-null="true"/>
            </param>
            <param index="3">
              <value>
                <![CDATA[7776666667]]>
              </value>
            </param>
            <param index="4">
              <value>
                <![CDATA[PAN]]>
              </value>
            </param>
            <param index="5">
              <value>
                <![CDATA[married]]>
              </value>
            </param>
            <param index="6">
              <value>
                <![CDATA[Indian]]>
              </value>
            </param>
            <param index="7">
              <value>
                <![CDATA[200000]]>
              </value>
            </param>
            <param index="8">
              <value>
                <![CDATA[service]]>
              </value>
            </param>
            <param index="9">
              <value>
                <![CDATA[Child]]>
              </value>
            </param>
            <param index="10">
              <value>
                <![CDATA[500000]]>
              </value>
            </param>
          </params>
          <reporter-output>
          </reporter-output>
        </test-method> <!-- Proposal_Submission -->
        <test-method status="PASS" signature="Proposal_Submission(java.lang.String, java.lang.String, java.lang.String, java.lang.String, java.lang.String, java.lang.String, java.lang.String, java.lang.String, java.lang.String, java.lang.String, java.lang.String)[pri:0, instance:com.qaprosoft.carina.demo.ProposalSubmissionTest@cd3fee8]" name="Proposal_Submission" duration-ms="6188" started-at="2020-01-21T05:33:36Z" description="Testing Policy Quote API" data-provider="DataProvider" finished-at="2020-01-21T05:33:43Z">
          <params>
            <param index="0">
              <value>
                <![CDATA[Test]]>
              </value>
            </param>
            <param index="1">
              <value>
                <![CDATA[Demo]]>
              </value>
            </param>
            <param index="2">
              <value is-null="true"/>
            </param>
            <param index="3">
              <value>
                <![CDATA[7776666667]]>
              </value>
            </param>
            <param index="4">
              <value>
                <![CDATA[PAN]]>
              </value>
            </param>
            <param index="5">
              <value>
                <![CDATA[married]]>
              </value>
            </param>
            <param index="6">
              <value>
                <![CDATA[Indian]]>
              </value>
            </param>
            <param index="7">
              <value>
                <![CDATA[200000]]>
              </value>
            </param>
            <param index="8">
              <value>
                <![CDATA[service]]>
              </value>
            </param>
            <param index="9">
              <value>
                <![CDATA[Child]]>
              </value>
            </param>
            <param index="10">
              <value>
                <![CDATA[500000]]>
              </value>
            </param>
          </params>
          <reporter-output>
          </reporter-output>
        </test-method> <!-- Proposal_Submission -->
        <test-method status="PASS" signature="Proposal_Submission(java.lang.String, java.lang.String, java.lang.String, java.lang.String, java.lang.String, java.lang.String, java.lang.String, java.lang.String, java.lang.String, java.lang.String, java.lang.String)[pri:0, instance:com.qaprosoft.carina.demo.ProposalSubmissionTest@cd3fee8]" name="Proposal_Submission" duration-ms="6125" started-at="2020-01-21T05:33:36Z" description="Testing Policy Quote API" data-provider="DataProvider" finished-at="2020-01-21T05:33:43Z">
          <params>
            <param index="0">
              <value>
                <![CDATA[Test]]>
              </value>
            </param>
            <param index="1">
              <value>
                <![CDATA[Demo]]>
              </value>
            </param>
            <param index="2">
              <value is-null="true"/>
            </param>
            <param index="3">
              <value>
                <![CDATA[7776666667]]>
              </value>
            </param>
            <param index="4">
              <value>
                <![CDATA[PAN]]>
              </value>
            </param>
            <param index="5">
              <value>
                <![CDATA[married]]>
              </value>
            </param>
            <param index="6">
              <value>
                <![CDATA[Indian]]>
              </value>
            </param>
            <param index="7">
              <value>
                <![CDATA[200000]]>
              </value>
            </param>
            <param index="8">
              <value>
                <![CDATA[service]]>
              </value>
            </param>
            <param index="9">
              <value>
                <![CDATA[Child]]>
              </value>
            </param>
            <param index="10">
              <value>
                <![CDATA[500000]]>
              </value>
            </param>
          </params>
          <reporter-output>
          </reporter-output>
        </test-method> <!-- Proposal_Submission -->
        <test-method status="PASS" signature="Proposal_Submission(java.lang.String, java.lang.String, java.lang.String, java.lang.String, java.lang.String, java.lang.String, java.lang.String, java.lang.String, java.lang.String, java.lang.String, java.lang.String)[pri:0, instance:com.qaprosoft.carina.demo.ProposalSubmissionTest@cd3fee8]" name="Proposal_Submission" duration-ms="6191" started-at="2020-01-21T05:33:36Z" description="Testing Policy Quote API" data-provider="DataProvider" finished-at="2020-01-21T05:33:43Z">
          <params>
            <param index="0">
              <value>
                <![CDATA[Test]]>
              </value>
            </param>
            <param index="1">
              <value>
                <![CDATA[Demo]]>
              </value>
            </param>
            <param index="2">
              <value is-null="true"/>
            </param>
            <param index="3">
              <value>
                <![CDATA[7776666667]]>
              </value>
            </param>
            <param index="4">
              <value>
                <![CDATA[PAN]]>
              </value>
            </param>
            <param index="5">
              <value>
                <![CDATA[married]]>
              </value>
            </param>
            <param index="6">
              <value>
                <![CDATA[Indian]]>
              </value>
            </param>
            <param index="7">
              <value>
                <![CDATA[200000]]>
              </value>
            </param>
            <param index="8">
              <value>
                <![CDATA[service]]>
              </value>
            </param>
            <param index="9">
              <value>
                <![CDATA[Child]]>
              </value>
            </param>
            <param index="10">
              <value>
                <![CDATA[500000]]>
              </value>
            </param>
          </params>
          <reporter-output>
          </reporter-output>
        </test-method> <!-- Proposal_Submission -->
        <test-method status="PASS" signature="Proposal_Submission(java.lang.String, java.lang.String, java.lang.String, java.lang.String, java.lang.String, java.lang.String, java.lang.String, java.lang.String, java.lang.String, java.lang.String, java.lang.String)[pri:0, instance:com.qaprosoft.carina.demo.ProposalSubmissionTest@cd3fee8]" name="Proposal_Submission" duration-ms="6165" started-at="2020-01-21T05:33:36Z" description="Testing Policy Quote API" data-provider="DataProvider" finished-at="2020-01-21T05:33:43Z">
          <params>
            <param index="0">
              <value>
                <![CDATA[Test]]>
              </value>
            </param>
            <param index="1">
              <value>
                <![CDATA[Demo]]>
              </value>
            </param>
            <param index="2">
              <value is-null="true"/>
            </param>
            <param index="3">
              <value>
                <![CDATA[7776666667]]>
              </value>
            </param>
            <param index="4">
              <value>
                <![CDATA[PAN]]>
              </value>
            </param>
            <param index="5">
              <value>
                <![CDATA[married]]>
              </value>
            </param>
            <param index="6">
              <value>
                <![CDATA[Indian]]>
              </value>
            </param>
            <param index="7">
              <value>
                <![CDATA[200000]]>
              </value>
            </param>
            <param index="8">
              <value>
                <![CDATA[service]]>
              </value>
            </param>
            <param index="9">
              <value>
                <![CDATA[Child]]>
              </value>
            </param>
            <param index="10">
              <value>
                <![CDATA[500000]]>
              </value>
            </param>
          </params>
          <reporter-output>
          </reporter-output>
        </test-method> <!-- Proposal_Submission -->
        <test-method status="PASS" signature="Proposal_Submission(java.lang.String, java.lang.String, java.lang.String, java.lang.String, java.lang.String, java.lang.String, java.lang.String, java.lang.String, java.lang.String, java.lang.String, java.lang.String)[pri:0, instance:com.qaprosoft.carina.demo.ProposalSubmissionTest@cd3fee8]" name="Proposal_Submission" duration-ms="523" started-at="2020-01-21T05:33:43Z" description="Testing Policy Quote API" data-provider="DataProvider" finished-at="2020-01-21T05:33:43Z">
          <params>
            <param index="0">
              <value>
                <![CDATA[Test]]>
              </value>
            </param>
            <param index="1">
              <value>
                <![CDATA[Demo]]>
              </value>
            </param>
            <param index="2">
              <value is-null="true"/>
            </param>
            <param index="3">
              <value>
                <![CDATA[7776666667]]>
              </value>
            </param>
            <param index="4">
              <value>
                <![CDATA[PAN]]>
              </value>
            </param>
            <param index="5">
              <value>
                <![CDATA[married]]>
              </value>
            </param>
            <param index="6">
              <value>
                <![CDATA[Indian]]>
              </value>
            </param>
            <param index="7">
              <value>
                <![CDATA[200000]]>
              </value>
            </param>
            <param index="8">
              <value>
                <![CDATA[service]]>
              </value>
            </param>
            <param index="9">
              <value>
                <![CDATA[Child]]>
              </value>
            </param>
            <param index="10">
              <value>
                <![CDATA[500000]]>
              </value>
            </param>
          </params>
          <reporter-output>
          </reporter-output>
        </test-method> <!-- Proposal_Submission -->
        <test-method status="PASS" signature="Proposal_Submission(java.lang.String, java.lang.String, java.lang.String, java.lang.String, java.lang.String, java.lang.String, java.lang.String, java.lang.String, java.lang.String, java.lang.String, java.lang.String)[pri:0, instance:com.qaprosoft.carina.demo.ProposalSubmissionTest@cd3fee8]" name="Proposal_Submission" duration-ms="4657" started-at="2020-01-21T05:33:43Z" description="Testing Policy Quote API" data-provider="DataProvider" finished-at="2020-01-21T05:33:47Z">
          <params>
            <param index="0">
              <value>
                <![CDATA[Test]]>
              </value>
            </param>
            <param index="1">
              <value>
                <![CDATA[Demo]]>
              </value>
            </param>
            <param index="2">
              <value is-null="true"/>
            </param>
            <param index="3">
              <value>
                <![CDATA[7776666667]]>
              </value>
            </param>
            <param index="4">
              <value>
                <![CDATA[PAN]]>
              </value>
            </param>
            <param index="5">
              <value>
                <![CDATA[married]]>
              </value>
            </param>
            <param index="6">
              <value>
                <![CDATA[Indian]]>
              </value>
            </param>
            <param index="7">
              <value>
                <![CDATA[200000]]>
              </value>
            </param>
            <param index="8">
              <value>
                <![CDATA[service]]>
              </value>
            </param>
            <param index="9">
              <value>
                <![CDATA[Child]]>
              </value>
            </param>
            <param index="10">
              <value>
                <![CDATA[500000]]>
              </value>
            </param>
          </params>
          <reporter-output>
          </reporter-output>
        </test-method> <!-- Proposal_Submission -->
        <test-method status="PASS" signature="Proposal_Submission(java.lang.String, java.lang.String, java.lang.String, java.lang.String, java.lang.String, java.lang.String, java.lang.String, java.lang.String, java.lang.String, java.lang.String, java.lang.String)[pri:0, instance:com.qaprosoft.carina.demo.ProposalSubmissionTest@cd3fee8]" name="Proposal_Submission" duration-ms="3133" started-at="2020-01-21T05:33:43Z" description="Testing Policy Quote API" data-provider="DataProvider" finished-at="2020-01-21T05:33:46Z">
          <params>
            <param index="0">
              <value>
                <![CDATA[Test]]>
              </value>
            </param>
            <param index="1">
              <value>
                <![CDATA[Demo]]>
              </value>
            </param>
            <param index="2">
              <value is-null="true"/>
            </param>
            <param index="3">
              <value>
                <![CDATA[7776666667]]>
              </value>
            </param>
            <param index="4">
              <value>
                <![CDATA[PAN]]>
              </value>
            </param>
            <param index="5">
              <value>
                <![CDATA[married]]>
              </value>
            </param>
            <param index="6">
              <value>
                <![CDATA[Indian]]>
              </value>
            </param>
            <param index="7">
              <value>
                <![CDATA[200000]]>
              </value>
            </param>
            <param index="8">
              <value>
                <![CDATA[service]]>
              </value>
            </param>
            <param index="9">
              <value>
                <![CDATA[Child]]>
              </value>
            </param>
            <param index="10">
              <value>
                <![CDATA[500000]]>
              </value>
            </param>
          </params>
          <reporter-output>
          </reporter-output>
        </test-method> <!-- Proposal_Submission -->
        <test-method status="PASS" signature="Proposal_Submission(java.lang.String, java.lang.String, java.lang.String, java.lang.String, java.lang.String, java.lang.String, java.lang.String, java.lang.String, java.lang.String, java.lang.String, java.lang.String)[pri:0, instance:com.qaprosoft.carina.demo.ProposalSubmissionTest@cd3fee8]" name="Proposal_Submission" duration-ms="3219" started-at="2020-01-21T05:33:43Z" description="Testing Policy Quote API" data-provider="DataProvider" finished-at="2020-01-21T05:33:46Z">
          <params>
            <param index="0">
              <value>
                <![CDATA[Test]]>
              </value>
            </param>
            <param index="1">
              <value>
                <![CDATA[Demo]]>
              </value>
            </param>
            <param index="2">
              <value is-null="true"/>
            </param>
            <param index="3">
              <value>
                <![CDATA[7776666667]]>
              </value>
            </param>
            <param index="4">
              <value>
                <![CDATA[PAN]]>
              </value>
            </param>
            <param index="5">
              <value>
                <![CDATA[married]]>
              </value>
            </param>
            <param index="6">
              <value>
                <![CDATA[Indian]]>
              </value>
            </param>
            <param index="7">
              <value>
                <![CDATA[200000]]>
              </value>
            </param>
            <param index="8">
              <value>
                <![CDATA[service]]>
              </value>
            </param>
            <param index="9">
              <value>
                <![CDATA[Child]]>
              </value>
            </param>
            <param index="10">
              <value>
                <![CDATA[500000]]>
              </value>
            </param>
          </params>
          <reporter-output>
          </reporter-output>
        </test-method> <!-- Proposal_Submission -->
        <test-method status="PASS" signature="Proposal_Submission(java.lang.String, java.lang.String, java.lang.String, java.lang.String, java.lang.String, java.lang.String, java.lang.String, java.lang.String, java.lang.String, java.lang.String, java.lang.String)[pri:0, instance:com.qaprosoft.carina.demo.ProposalSubmissionTest@cd3fee8]" name="Proposal_Submission" duration-ms="3215" started-at="2020-01-21T05:33:43Z" description="Testing Policy Quote API" data-provider="DataProvider" finished-at="2020-01-21T05:33:46Z">
          <params>
            <param index="0">
              <value>
                <![CDATA[Test]]>
              </value>
            </param>
            <param index="1">
              <value>
                <![CDATA[Demo]]>
              </value>
            </param>
            <param index="2">
              <value is-null="true"/>
            </param>
            <param index="3">
              <value>
                <![CDATA[7776666667]]>
              </value>
            </param>
            <param index="4">
              <value>
                <![CDATA[PAN]]>
              </value>
            </param>
            <param index="5">
              <value>
                <![CDATA[married]]>
              </value>
            </param>
            <param index="6">
              <value>
                <![CDATA[Indian]]>
              </value>
            </param>
            <param index="7">
              <value>
                <![CDATA[200000]]>
              </value>
            </param>
            <param index="8">
              <value>
                <![CDATA[service]]>
              </value>
            </param>
            <param index="9">
              <value>
                <![CDATA[Child]]>
              </value>
            </param>
            <param index="10">
              <value>
                <![CDATA[500000]]>
              </value>
            </param>
          </params>
          <reporter-output>
          </reporter-output>
        </test-method> <!-- Proposal_Submission -->
        <test-method status="PASS" signature="Proposal_Submission(java.lang.String, java.lang.String, java.lang.String, java.lang.String, java.lang.String, java.lang.String, java.lang.String, java.lang.String, java.lang.String, java.lang.String, java.lang.String)[pri:0, instance:com.qaprosoft.carina.demo.ProposalSubmissionTest@cd3fee8]" name="Proposal_Submission" duration-ms="589" started-at="2020-01-21T05:33:43Z" description="Testing Policy Quote API" data-provider="DataProvider" finished-at="2020-01-21T05:33:43Z">
          <params>
            <param index="0">
              <value>
                <![CDATA[Test]]>
              </value>
            </param>
            <param index="1">
              <value>
                <![CDATA[Demo]]>
              </value>
            </param>
            <param index="2">
              <value is-null="true"/>
            </param>
            <param index="3">
              <value>
                <![CDATA[7776666667]]>
              </value>
            </param>
            <param index="4">
              <value>
                <![CDATA[PAN]]>
              </value>
            </param>
            <param index="5">
              <value>
                <![CDATA[married]]>
              </value>
            </param>
            <param index="6">
              <value>
                <![CDATA[Indian]]>
              </value>
            </param>
            <param index="7">
              <value>
                <![CDATA[200000]]>
              </value>
            </param>
            <param index="8">
              <value>
                <![CDATA[service]]>
              </value>
            </param>
            <param index="9">
              <value>
                <![CDATA[Child]]>
              </value>
            </param>
            <param index="10">
              <value>
                <![CDATA[500000]]>
              </value>
            </param>
          </params>
          <reporter-output>
          </reporter-output>
        </test-method> <!-- Proposal_Submission -->
        <test-method status="PASS" signature="Proposal_Submission(java.lang.String, java.lang.String, java.lang.String, java.lang.String, java.lang.String, java.lang.String, java.lang.String, java.lang.String, java.lang.String, java.lang.String, java.lang.String)[pri:0, instance:com.qaprosoft.carina.demo.ProposalSubmissionTest@cd3fee8]" name="Proposal_Submission" duration-ms="4851" started-at="2020-01-21T05:33:43Z" description="Testing Policy Quote API" data-provider="DataProvider" finished-at="2020-01-21T05:33:48Z">
          <params>
            <param index="0">
              <value>
                <![CDATA[Test]]>
              </value>
            </param>
            <param index="1">
              <value>
                <![CDATA[Demo]]>
              </value>
            </param>
            <param index="2">
              <value is-null="true"/>
            </param>
            <param index="3">
              <value>
                <![CDATA[7776666667]]>
              </value>
            </param>
            <param index="4">
              <value>
                <![CDATA[PAN]]>
              </value>
            </param>
            <param index="5">
              <value>
                <![CDATA[married]]>
              </value>
            </param>
            <param index="6">
              <value>
                <![CDATA[Indian]]>
              </value>
            </param>
            <param index="7">
              <value>
                <![CDATA[200000]]>
              </value>
            </param>
            <param index="8">
              <value>
                <![CDATA[service]]>
              </value>
            </param>
            <param index="9">
              <value>
                <![CDATA[Child]]>
              </value>
            </param>
            <param index="10">
              <value>
                <![CDATA[500000]]>
              </value>
            </param>
          </params>
          <reporter-output>
          </reporter-output>
        </test-method> <!-- Proposal_Submission -->
        <test-method status="PASS" signature="Proposal_Submission(java.lang.String, java.lang.String, java.lang.String, java.lang.String, java.lang.String, java.lang.String, java.lang.String, java.lang.String, java.lang.String, java.lang.String, java.lang.String)[pri:0, instance:com.qaprosoft.carina.demo.ProposalSubmissionTest@cd3fee8]" name="Proposal_Submission" duration-ms="4659" started-at="2020-01-21T05:33:43Z" description="Testing Policy Quote API" data-provider="DataProvider" finished-at="2020-01-21T05:33:48Z">
          <params>
            <param index="0">
              <value>
                <![CDATA[Test]]>
              </value>
            </param>
            <param index="1">
              <value>
                <![CDATA[Demo]]>
              </value>
            </param>
            <param index="2">
              <value is-null="true"/>
            </param>
            <param index="3">
              <value>
                <![CDATA[7776666667]]>
              </value>
            </param>
            <param index="4">
              <value>
                <![CDATA[PAN]]>
              </value>
            </param>
            <param index="5">
              <value>
                <![CDATA[married]]>
              </value>
            </param>
            <param index="6">
              <value>
                <![CDATA[Indian]]>
              </value>
            </param>
            <param index="7">
              <value>
                <![CDATA[200000]]>
              </value>
            </param>
            <param index="8">
              <value>
                <![CDATA[service]]>
              </value>
            </param>
            <param index="9">
              <value>
                <![CDATA[Child]]>
              </value>
            </param>
            <param index="10">
              <value>
                <![CDATA[500000]]>
              </value>
            </param>
          </params>
          <reporter-output>
          </reporter-output>
        </test-method> <!-- Proposal_Submission -->
        <test-method status="PASS" signature="Proposal_Submission(java.lang.String, java.lang.String, java.lang.String, java.lang.String, java.lang.String, java.lang.String, java.lang.String, java.lang.String, java.lang.String, java.lang.String, java.lang.String)[pri:0, instance:com.qaprosoft.carina.demo.ProposalSubmissionTest@cd3fee8]" name="Proposal_Submission" duration-ms="4639" started-at="2020-01-21T05:33:43Z" description="Testing Policy Quote API" data-provider="DataProvider" finished-at="2020-01-21T05:33:47Z">
          <params>
            <param index="0">
              <value>
                <![CDATA[Test]]>
              </value>
            </param>
            <param index="1">
              <value>
                <![CDATA[Demo]]>
              </value>
            </param>
            <param index="2">
              <value is-null="true"/>
            </param>
            <param index="3">
              <value>
                <![CDATA[7776666667]]>
              </value>
            </param>
            <param index="4">
              <value>
                <![CDATA[PAN]]>
              </value>
            </param>
            <param index="5">
              <value>
                <![CDATA[married]]>
              </value>
            </param>
            <param index="6">
              <value>
                <![CDATA[Indian]]>
              </value>
            </param>
            <param index="7">
              <value>
                <![CDATA[200000]]>
              </value>
            </param>
            <param index="8">
              <value>
                <![CDATA[service]]>
              </value>
            </param>
            <param index="9">
              <value>
                <![CDATA[Child]]>
              </value>
            </param>
            <param index="10">
              <value>
                <![CDATA[500000]]>
              </value>
            </param>
          </params>
          <reporter-output>
          </reporter-output>
        </test-method> <!-- Proposal_Submission -->
        <test-method status="PASS" signature="Proposal_Submission(java.lang.String, java.lang.String, java.lang.String, java.lang.String, java.lang.String, java.lang.String, java.lang.String, java.lang.String, java.lang.String, java.lang.String, java.lang.String)[pri:0, instance:com.qaprosoft.carina.demo.ProposalSubmissionTest@cd3fee8]" name="Proposal_Submission" duration-ms="2831" started-at="2020-01-21T05:33:43Z" description="Testing Policy Quote API" data-provider="DataProvider" finished-at="2020-01-21T05:33:46Z">
          <params>
            <param index="0">
              <value>
                <![CDATA[Test]]>
              </value>
            </param>
            <param index="1">
              <value>
                <![CDATA[Demo]]>
              </value>
            </param>
            <param index="2">
              <value is-null="true"/>
            </param>
            <param index="3">
              <value>
                <![CDATA[7776666667]]>
              </value>
            </param>
            <param index="4">
              <value>
                <![CDATA[PAN]]>
              </value>
            </param>
            <param index="5">
              <value>
                <![CDATA[married]]>
              </value>
            </param>
            <param index="6">
              <value>
                <![CDATA[Indian]]>
              </value>
            </param>
            <param index="7">
              <value>
                <![CDATA[200000]]>
              </value>
            </param>
            <param index="8">
              <value>
                <![CDATA[service]]>
              </value>
            </param>
            <param index="9">
              <value>
                <![CDATA[Child]]>
              </value>
            </param>
            <param index="10">
              <value>
                <![CDATA[500000]]>
              </value>
            </param>
          </params>
          <reporter-output>
          </reporter-output>
        </test-method> <!-- Proposal_Submission -->
        <test-method status="PASS" signature="Proposal_Submission(java.lang.String, java.lang.String, java.lang.String, java.lang.String, java.lang.String, java.lang.String, java.lang.String, java.lang.String, java.lang.String, java.lang.String, java.lang.String)[pri:0, instance:com.qaprosoft.carina.demo.ProposalSubmissionTest@cd3fee8]" name="Proposal_Submission" duration-ms="4609" started-at="2020-01-21T05:33:43Z" description="Testing Policy Quote API" data-provider="DataProvider" finished-at="2020-01-21T05:33:48Z">
          <params>
            <param index="0">
              <value>
                <![CDATA[Test]]>
              </value>
            </param>
            <param index="1">
              <value>
                <![CDATA[Demo]]>
              </value>
            </param>
            <param index="2">
              <value is-null="true"/>
            </param>
            <param index="3">
              <value>
                <![CDATA[7776666667]]>
              </value>
            </param>
            <param index="4">
              <value>
                <![CDATA[PAN]]>
              </value>
            </param>
            <param index="5">
              <value>
                <![CDATA[married]]>
              </value>
            </param>
            <param index="6">
              <value>
                <![CDATA[Indian]]>
              </value>
            </param>
            <param index="7">
              <value>
                <![CDATA[200000]]>
              </value>
            </param>
            <param index="8">
              <value>
                <![CDATA[service]]>
              </value>
            </param>
            <param index="9">
              <value>
                <![CDATA[Child]]>
              </value>
            </param>
            <param index="10">
              <value>
                <![CDATA[500000]]>
              </value>
            </param>
          </params>
          <reporter-output>
          </reporter-output>
        </test-method> <!-- Proposal_Submission -->
        <test-method status="PASS" signature="Proposal_Submission(java.lang.String, java.lang.String, java.lang.String, java.lang.String, java.lang.String, java.lang.String, java.lang.String, java.lang.String, java.lang.String, java.lang.String, java.lang.String)[pri:0, instance:com.qaprosoft.carina.demo.ProposalSubmissionTest@cd3fee8]" name="Proposal_Submission" duration-ms="4527" started-at="2020-01-21T05:33:43Z" description="Testing Policy Quote API" data-provider="DataProvider" finished-at="2020-01-21T05:33:47Z">
          <params>
            <param index="0">
              <value>
                <![CDATA[Test]]>
              </value>
            </param>
            <param index="1">
              <value>
                <![CDATA[Demo]]>
              </value>
            </param>
            <param index="2">
              <value is-null="true"/>
            </param>
            <param index="3">
              <value>
                <![CDATA[7776666667]]>
              </value>
            </param>
            <param index="4">
              <value>
                <![CDATA[PAN]]>
              </value>
            </param>
            <param index="5">
              <value>
                <![CDATA[married]]>
              </value>
            </param>
            <param index="6">
              <value>
                <![CDATA[Indian]]>
              </value>
            </param>
            <param index="7">
              <value>
                <![CDATA[200000]]>
              </value>
            </param>
            <param index="8">
              <value>
                <![CDATA[service]]>
              </value>
            </param>
            <param index="9">
              <value>
                <![CDATA[Child]]>
              </value>
            </param>
            <param index="10">
              <value>
                <![CDATA[500000]]>
              </value>
            </param>
          </params>
          <reporter-output>
          </reporter-output>
        </test-method> <!-- Proposal_Submission -->
        <test-method status="PASS" signature="Proposal_Submission(java.lang.String, java.lang.String, java.lang.String, java.lang.String, java.lang.String, java.lang.String, java.lang.String, java.lang.String, java.lang.String, java.lang.String, java.lang.String)[pri:0, instance:com.qaprosoft.carina.demo.ProposalSubmissionTest@cd3fee8]" name="Proposal_Submission" duration-ms="2844" started-at="2020-01-21T05:33:43Z" description="Testing Policy Quote API" data-provider="DataProvider" finished-at="2020-01-21T05:33:46Z">
          <params>
            <param index="0">
              <value>
                <![CDATA[Test]]>
              </value>
            </param>
            <param index="1">
              <value>
                <![CDATA[Demo]]>
              </value>
            </param>
            <param index="2">
              <value is-null="true"/>
            </param>
            <param index="3">
              <value>
                <![CDATA[7776666667]]>
              </value>
            </param>
            <param index="4">
              <value>
                <![CDATA[PAN]]>
              </value>
            </param>
            <param index="5">
              <value>
                <![CDATA[married]]>
              </value>
            </param>
            <param index="6">
              <value>
                <![CDATA[Indian]]>
              </value>
            </param>
            <param index="7">
              <value>
                <![CDATA[200000]]>
              </value>
            </param>
            <param index="8">
              <value>
                <![CDATA[service]]>
              </value>
            </param>
            <param index="9">
              <value>
                <![CDATA[Child]]>
              </value>
            </param>
            <param index="10">
              <value>
                <![CDATA[500000]]>
              </value>
            </param>
          </params>
          <reporter-output>
          </reporter-output>
        </test-method> <!-- Proposal_Submission -->
        <test-method status="PASS" signature="Proposal_Submission(java.lang.String, java.lang.String, java.lang.String, java.lang.String, java.lang.String, java.lang.String, java.lang.String, java.lang.String, java.lang.String, java.lang.String, java.lang.String)[pri:0, instance:com.qaprosoft.carina.demo.ProposalSubmissionTest@cd3fee8]" name="Proposal_Submission" duration-ms="4506" started-at="2020-01-21T05:33:43Z" description="Testing Policy Quote API" data-provider="DataProvider" finished-at="2020-01-21T05:33:47Z">
          <params>
            <param index="0">
              <value>
                <![CDATA[Test]]>
              </value>
            </param>
            <param index="1">
              <value>
                <![CDATA[Demo]]>
              </value>
            </param>
            <param index="2">
              <value is-null="true"/>
[...]
            </param>
            <param index="3">
              <value>
                <![CDATA[7776666667]]>
              </value>
            </param>
            <param index="4">
              <value>
                <![CDATA[PAN]]>
              </value>
            </param>
            <param index="5">
              <value>
                <![CDATA[married]]>
              </value>
            </param>
            <param index="6">
              <value>
                <![CDATA[Indian]]>
              </value>
            </param>
            <param index="7">
              <value>
                <![CDATA[200000]]>
              </value>
            </param>
            <param index="8">
              <value>
                <![CDATA[service]]>
              </value>
            </param>
            <param index="9">
              <value>
                <![CDATA[Child]]>
              </value>
            </param>
            <param index="10">
              <value>
                <![CDATA[500000]]>
              </value>
            </param>
          </params>
          <reporter-output>
          </reporter-output>
        </test-method> <!-- Proposal_Submission -->
        <test-method status="PASS" signature="Proposal_Submission(java.lang.String, java.lang.String, java.lang.String, java.lang.String, java.lang.String, java.lang.String, java.lang.String, java.lang.String, java.lang.String, java.lang.String, java.lang.String)[pri:0, instance:com.qaprosoft.carina.demo.ProposalSubmissionTest@cd3fee8]" name="Proposal_Submission" duration-ms="1978" started-at="2020-01-21T05:33:57Z" description="Testing Policy Quote API" data-provider="DataProvider" finished-at="2020-01-21T05:33:59Z">
          <params>
            <param index="0">
              <value>
                <![CDATA[Test]]>
              </value>
            </param>
            <param index="1">
              <value>
                <![CDATA[Demo]]>
              </value>
            </param>
            <param index="2">
              <value is-null="true"/>
            </param>
            <param index="3">
              <value>
                <![CDATA[7776666667]]>
              </value>
            </param>
            <param index="4">
              <value>
                <![CDATA[PAN]]>
              </value>
            </param>
            <param index="5">
              <value>
                <![CDATA[married]]>
              </value>
            </param>
            <param index="6">
              <value>
                <![CDATA[Indian]]>
              </value>
            </param>
            <param index="7">
              <value>
                <![CDATA[200000]]>
              </value>
            </param>
            <param index="8">
              <value>
                <![CDATA[service]]>
              </value>
            </param>
            <param index="9">
              <value>
                <![CDATA[Child]]>
              </value>
            </param>
            <param index="10">
              <value>
                <![CDATA[500000]]>
              </value>
            </param>
          </params>
          <reporter-output>
          </reporter-output>
        </test-method> <!-- Proposal_Submission -->
        <test-method status="PASS" signature="Proposal_Submission(java.lang.String, java.lang.String, java.lang.String, java.lang.String, java.lang.String, java.lang.String, java.lang.String, java.lang.String, java.lang.String, java.lang.String, java.lang.String)[pri:0, instance:com.qaprosoft.carina.demo.ProposalSubmissionTest@cd3fee8]" name="Proposal_Submission" duration-ms="2127" started-at="2020-01-21T05:33:57Z" description="Testing Policy Quote API" data-provider="DataProvider" finished-at="2020-01-21T05:33:59Z">
          <params>
            <param index="0">
              <value>
                <![CDATA[Test]]>
              </value>
            </param>
            <param index="1">
              <value>
                <![CDATA[Demo]]>
              </value>
            </param>
            <param index="2">
              <value is-null="true"/>
            </param>
            <param index="3">
              <value>
                <![CDATA[7776666667]]>
              </value>
            </param>
            <param index="4">
              <value>
                <![CDATA[PAN]]>
              </value>
            </param>
            <param index="5">
              <value>
                <![CDATA[married]]>
              </value>
            </param>
            <param index="6">
              <value>
                <![CDATA[Indian]]>
              </value>
            </param>
            <param index="7">
              <value>
                <![CDATA[200000]]>
              </value>
            </param>
            <param index="8">
              <value>
                <![CDATA[service]]>
              </value>
            </param>
            <param index="9">
              <value>
                <![CDATA[Child]]>
              </value>
            </param>
            <param index="10">
              <value>
                <![CDATA[500000]]>
              </value>
            </param>
          </params>
          <reporter-output>
          </reporter-output>
        </test-method> <!-- Proposal_Submission -->
        <test-method status="PASS" signature="Proposal_Submission(java.lang.String, java.lang.String, java.lang.String, java.lang.String, java.lang.String, java.lang.String, java.lang.String, java.lang.String, java.lang.String, java.lang.String, java.lang.String)[pri:0, instance:com.qaprosoft.carina.demo.ProposalSubmissionTest@cd3fee8]" name="Proposal_Submission" duration-ms="2238" started-at="2020-01-21T05:33:57Z" description="Testing Policy Quote API" data-provider="DataProvider" finished-at="2020-01-21T05:33:59Z">
          <params>
            <param index="0">
              <value>
                <![CDATA[Test]]>
              </value>
            </param>
            <param index="1">
              <value>
                <![CDATA[Demo]]>
              </value>
            </param>
            <param index="2">
              <value is-null="true"/>
            </param>
            <param index="3">
              <value>
                <![CDATA[7776666667]]>
              </value>
            </param>
            <param index="4">
              <value>
                <![CDATA[PAN]]>
              </value>
            </param>
            <param index="5">
              <value>
                <![CDATA[married]]>
              </value>
            </param>
            <param index="6">
              <value>
                <![CDATA[Indian]]>
              </value>
            </param>
            <param index="7">
              <value>
                <![CDATA[200000]]>
              </value>
            </param>
            <param index="8">
              <value>
                <![CDATA[service]]>
              </value>
            </param>
            <param index="9">
              <value>
                <![CDATA[Child]]>
              </value>
            </param>
            <param index="10">
              <value>
                <![CDATA[500000]]>
              </value>
            </param>
          </params>
          <reporter-output>
          </reporter-output>
        </test-method> <!-- Proposal_Submission -->
        <test-method status="PASS" signature="Proposal_Submission(java.lang.String, java.lang.String, java.lang.String, java.lang.String, java.lang.String, java.lang.String, java.lang.String, java.lang.String, java.lang.String, java.lang.String, java.lang.String)[pri:0, instance:com.qaprosoft.carina.demo.ProposalSubmissionTest@cd3fee8]" name="Proposal_Submission" duration-ms="1999" started-at="2020-01-21T05:33:57Z" description="Testing Policy Quote API" data-provider="DataProvider" finished-at="2020-01-21T05:33:59Z">
          <params>
            <param index="0">
              <value>
                <![CDATA[Test]]>
              </value>
            </param>
            <param index="1">
              <value>
                <![CDATA[Demo]]>
              </value>
            </param>
            <param index="2">
              <value is-null="true"/>
            </param>
            <param index="3">
              <value>
                <![CDATA[7776666667]]>
              </value>
            </param>
            <param index="4">
              <value>
                <![CDATA[PAN]]>
              </value>
            </param>
            <param index="5">
              <value>
                <![CDATA[married]]>
              </value>
            </param>
            <param index="6">
              <value>
                <![CDATA[Indian]]>
              </value>
            </param>
            <param index="7">
              <value>
                <![CDATA[200000]]>
              </value>
            </param>
            <param index="8">
              <value>
                <![CDATA[service]]>
              </value>
            </param>
            <param index="9">
              <value>
                <![CDATA[Child]]>
              </value>
            </param>
            <param index="10">
              <value>
                <![CDATA[500000]]>
              </value>
            </param>
          </params>
          <reporter-output>
          </reporter-output>
        </test-method> <!-- Proposal_Submission -->
        <test-method status="PASS" signature="Proposal_Submission(java.lang.String, java.lang.String, java.lang.String, java.lang.String, java.lang.String, java.lang.String, java.lang.String, java.lang.String, java.lang.String, java.lang.String, java.lang.String)[pri:0, instance:com.qaprosoft.carina.demo.ProposalSubmissionTest@cd3fee8]" name="Proposal_Submission" duration-ms="2073" started-at="2020-01-21T05:33:57Z" description="Testing Policy Quote API" data-provider="DataProvider" finished-at="2020-01-21T05:33:59Z">
          <params>
            <param index="0">
              <value>
                <![CDATA[Test]]>
              </value>
            </param>
            <param index="1">
              <value>
                <![CDATA[Demo]]>
              </value>
            </param>
            <param index="2">
              <value is-null="true"/>
            </param>
            <param index="3">
              <value>
                <![CDATA[7776666667]]>
              </value>
            </param>
            <param index="4">
              <value>
                <![CDATA[PAN]]>
              </value>
            </param>
            <param index="5">
              <value>
                <![CDATA[married]]>
              </value>
            </param>
            <param index="6">
              <value>
                <![CDATA[Indian]]>
              </value>
            </param>
            <param index="7">
              <value>
                <![CDATA[200000]]>
              </value>
            </param>
            <param index="8">
              <value>
                <![CDATA[service]]>
              </value>
            </param>
            <param index="9">
              <value>
                <![CDATA[Child]]>
              </value>
            </param>
            <param index="10">
              <value>
                <![CDATA[500000]]>
              </value>
            </param>
          </params>
          <reporter-output>
          </reporter-output>
        </test-method> <!-- Proposal_Submission -->
        <test-method status="PASS" signature="Proposal_Submission(java.lang.String, java.lang.String, java.lang.String, java.lang.String, java.lang.String, java.lang.String, java.lang.String, java.lang.String, java.lang.String, java.lang.String, java.lang.String)[pri:0, instance:com.qaprosoft.carina.demo.ProposalSubmissionTest@cd3fee8]" name="Proposal_Submission" duration-ms="2026" started-at="2020-01-21T05:33:57Z" description="Testing Policy Quote API" data-provider="DataProvider" finished-at="2020-01-21T05:33:59Z">
          <params>
            <param index="0">
              <value>
                <![CDATA[Test]]>
              </value>
            </param>
            <param index="1">
              <value>
                <![CDATA[Demo]]>
              </value>
            </param>
            <param index="2">
              <value is-null="true"/>
            </param>
            <param index="3">
              <value>
                <![CDATA[7776666667]]>
              </value>
            </param>
            <param index="4">
              <value>
                <![CDATA[PAN]]>
              </value>
            </param>
            <param index="5">
              <value>
                <![CDATA[married]]>
              </value>
            </param>
            <param index="6">
              <value>
                <![CDATA[Indian]]>
              </value>
            </param>
            <param index="7">
              <value>
                <![CDATA[200000]]>
              </value>
            </param>
            <param index="8">
              <value>
                <![CDATA[service]]>
              </value>
            </param>
            <param index="9">
              <value>
                <![CDATA[Child]]>
              </value>
            </param>
            <param index="10">
              <value>
                <![CDATA[500000]]>
              </value>
            </param>
          </params>
          <reporter-output>
          </reporter-output>
        </test-method> <!-- Proposal_Submission -->
        <test-method status="PASS" signature="Proposal_Submission(java.lang.String, java.lang.String, java.lang.String, java.lang.String, java.lang.String, java.lang.String, java.lang.String, java.lang.String, java.lang.String, java.lang.String, java.lang.String)[pri:0, instance:com.qaprosoft.carina.demo.ProposalSubmissionTest@cd3fee8]" name="Proposal_Submission" duration-ms="1429" started-at="2020-01-21T05:33:57Z" description="Testing Policy Quote API" data-provider="DataProvider" finished-at="2020-01-21T05:33:59Z">
          <params>
            <param index="0">
              <value>
                <![CDATA[Test]]>
              </value>
            </param>
            <param index="1">
              <value>
                <![CDATA[Demo]]>
              </value>
            </param>
            <param index="2">
              <value is-null="true"/>
            </param>
            <param index="3">
              <value>
                <![CDATA[7776666667]]>
              </value>
            </param>
            <param index="4">
              <value>
                <![CDATA[PAN]]>
              </value>
            </param>
            <param index="5">
              <value>
                <![CDATA[married]]>
              </value>
            </param>
            <param index="6">
              <value>
                <![CDATA[Indian]]>
              </value>
            </param>
            <param index="7">
              <value>
                <![CDATA[200000]]>
              </value>
            </param>
            <param index="8">
              <value>
                <![CDATA[service]]>
              </value>
            </param>
            <param index="9">
              <value>
                <![CDATA[Child]]>
              </value>
            </param>
            <param index="10">
              <value>
                <![CDATA[500000]]>
              </value>
            </param>
          </params>
          <reporter-output>
          </reporter-output>
        </test-method> <!-- Proposal_Submission -->
        <test-method status="PASS" signature="Proposal_Submission(java.lang.String, java.lang.String, java.lang.String, java.lang.String, java.lang.String, java.lang.String, java.lang.String, java.lang.String, java.lang.String, java.lang.String, java.lang.String)[pri:0, instance:com.qaprosoft.carina.demo.ProposalSubmissionTest@cd3fee8]" name="Proposal_Submission" duration-ms="1726" started-at="2020-01-21T05:33:57Z" description="Testing Policy Quote API" data-provider="DataProvider" finished-at="2020-01-21T05:33:59Z">
          <params>
            <param index="0">
              <value>
                <![CDATA[Test]]>
              </value>
            </param>
            <param index="1">
              <value>
                <![CDATA[Demo]]>
              </value>
            </param>
            <param index="2">
              <value is-null="true"/>
            </param>
            <param index="3">
              <value>
                <![CDATA[7776666667]]>
              </value>
            </param>
            <param index="4">
              <value>
                <![CDATA[PAN]]>
              </value>
            </param>
            <param index="5">
              <value>
                <![CDATA[married]]>
              </value>
            </param>
            <param index="6">
              <value>
                <![CDATA[Indian]]>
              </value>
            </param>
            <param index="7">
              <value>
                <![CDATA[200000]]>
              </value>
            </param>
            <param index="8">
              <value>
                <![CDATA[service]]>
              </value>
            </param>
            <param index="9">
              <value>
                <![CDATA[Child]]>
              </value>
            </param>
            <param index="10">
              <value>
                <![CDATA[500000]]>
              </value>
            </param>
          </params>
          <reporter-output>
          </reporter-output>
        </test-method> <!-- Proposal_Submission -->
        <test-method status="PASS" signature="Proposal_Submission(java.lang.String, java.lang.String, java.lang.String, java.lang.String, java.lang.String, java.lang.String, java.lang.String, java.lang.String, java.lang.String, java.lang.String, java.lang.String)[pri:0, instance:com.qaprosoft.carina.demo.ProposalSubmissionTest@cd3fee8]" name="Proposal_Submission" duration-ms="418" started-at="2020-01-21T05:33:59Z" description="Testing Policy Quote API" data-provider="DataProvider" finished-at="2020-01-21T05:33:59Z">
          <params>
            <param index="0">
              <value>
                <![CDATA[Test]]>
              </value>
            </param>
            <param index="1">
              <value>
                <![CDATA[Demo]]>
              </value>
            </param>
            <param index="2">
              <value is-null="true"/>
            </param>
            <param index="3">
              <value>
                <![CDATA[7776666667]]>
              </value>
            </param>
            <param index="4">
              <value>
                <![CDATA[PAN]]>
              </value>
            </param>
            <param index="5">
              <value>
                <![CDATA[married]]>
              </value>
            </param>
            <param index="6">
              <value>
                <![CDATA[Indian]]>
              </value>
            </param>
            <param index="7">
              <value>
                <![CDATA[200000]]>
              </value>
            </param>
            <param index="8">
              <value>
                <![CDATA[service]]>
              </value>
            </param>
            <param index="9">
              <value>
                <![CDATA[Child]]>
              </value>
            </param>
            <param index="10">
              <value>
                <![CDATA[500000]]>
              </value>
            </param>
          </params>
          <reporter-output>
          </reporter-output>
        </test-method> <!-- Proposal_Submission -->
      </class> <!-- com.qaprosoft.carina.demo.ProposalSubmissionTest -->
    </test> <!-- E2E API Test -->
  </suite> <!-- End to End Carina API Test -->
</testng-results>
